[ 2019-05-23T22:11:21+08:00 ] ::1 /index.php/Home/Servicemenu/videos.html
INFO: [ app_init ] --START--
INFO: Run Behavior\BuildLiteBehavior [ RunTime:0.000039s ]
INFO: [ app_init ] --END-- [ RunTime:0.002354s ]

[ 2019-05-23T22:11:47+08:00 ] ::1 /index.php/Home/ServiceMenu/download?file=http://www.wawechat.siemens.com.cn:8081/%E8%A5%BF%E9%97%A8%E5%AD%90%E5%AE%B6%E5%B1%85%E7%94%B5%E6%B0%94%E5%AE%A3%E4%BC%A0%E7%89%87.mp4
INFO: [ app_init ] --START--
INFO: Run Behavior\BuildLiteBehavior [ RunTime:0.000014s ]
INFO: [ app_init ] --END-- [ RunTime:0.000408s ]

[ 2019-05-23T22:12:42+08:00 ] 192.168.2.106 /index.php/Home/Servicemenu/home
INFO: [ app_init ] --START--
INFO: Run Behavior\BuildLiteBehavior [ RunTime:0.000024s ]
INFO: [ app_init ] --END-- [ RunTime:0.000447s ]

[ 2019-05-23T22:12:45+08:00 ] 192.168.2.106 /index.php/Home/ServiceMenu/statis
INFO: [ app_init ] --START--
INFO: Run Behavior\BuildLiteBehavior [ RunTime:0.000013s ]
INFO: [ app_init ] --END-- [ RunTime:0.000360s ]

[ 2019-05-23T22:12:45+08:00 ] 192.168.2.106 /index.php/Home/Servicemenu/videos.html
INFO: [ app_init ] --START--
INFO: Run Behavior\BuildLiteBehavior [ RunTime:0.000026s ]
INFO: [ app_init ] --END-- [ RunTime:0.000465s ]

[ 2019-05-23T22:13:11+08:00 ] 192.168.2.106 /index.php/Home/ServiceMenu/download?file=http://www.wawechat.siemens.com.cn:8081/%E8%A5%BF%E9%97%A8%E5%AD%90%E5%AE%B6%E5%B1%85%E7%94%B5%E6%B0%94%E5%AE%A3%E4%BC%A0%E7%89%87.mp4
INFO: [ app_init ] --START--
INFO: Run Behavior\BuildLiteBehavior [ RunTime:0.000011s ]
INFO: [ app_init ] --END-- [ RunTime:0.000312s ]

[ 2019-05-23T22:13:36+08:00 ] 192.168.2.106 /index.php/Home/ServiceMenu/download?file=http://www.wawechat.siemens.com.cn:8081/%E8%A5%BF%E9%97%A8%E5%AD%90%E5%AE%B6%E5%B1%85%E7%94%B5%E6%B0%94%E5%AE%A3%E4%BC%A0%E7%89%87.mp4
INFO: [ app_init ] --START--
INFO: Run Behavior\BuildLiteBehavior [ RunTime:0.000043s ]
INFO: [ app_init ] --END-- [ RunTime:0.001056s ]

[ 2019-05-23T22:22:49+08:00 ] 192.168.2.106 /index.php/Home/Servicemenu/videos.html
INFO: [ app_init ] --START--
INFO: Run Behavior\BuildLiteBehavior [ RunTime:0.000015s ]
INFO: [ app_init ] --END-- [ RunTime:0.000417s ]

[ 2019-05-23T22:23:11+08:00 ] 192.168.2.106 /index.php/Home/ServiceMenu/download?file=http://www.wawechat.siemens.com.cn:8081/%E7%9D%BF%E7%BB%8E%E7%B3%BB%E5%88%97.mp4
INFO: [ app_init ] --START--
INFO: Run Behavior\BuildLiteBehavior [ RunTime:0.000023s ]
INFO: [ app_init ] --END-- [ RunTime:0.000435s ]

[ 2019-05-23T22:23:26+08:00 ] 192.168.2.106 /index.php/Home/ServiceMenu/download?file=http://www.wawechat.siemens.com.cn:8081/%E7%9D%BF%E7%BB%8E%E7%B3%BB%E5%88%97.mp4
INFO: [ app_init ] --START--
INFO: Run Behavior\BuildLiteBehavior [ RunTime:0.000128s ]
INFO: [ app_init ] --END-- [ RunTime:0.002994s ]

[ 2019-05-23T22:25:56+08:00 ] 192.168.2.106 /index.php/Home/ServiceMenu/download?file=http://www.wawechat.siemens.com.cn:8081/%E8%A5%BF%E7%9D%BF%E7%A9%BA%E6%B0%94%E6%A3%80%E6%B5%8B%E4%BB%AA.mp4
INFO: [ app_init ] --START--
INFO: Run Behavior\BuildLiteBehavior [ RunTime:0.000012s ]
INFO: [ app_init ] --END-- [ RunTime:0.000331s ]

[ 2019-05-23T22:26:14+08:00 ] 192.168.2.106 /index.php/Home/ServiceMenu/download?file=http://www.wawechat.siemens.com.cn:8081/%E8%A5%BF%E7%9D%BF%E7%A9%BA%E6%B0%94%E6%A3%80%E6%B5%8B%E4%BB%AA.mp4
INFO: [ app_init ] --START--
INFO: Run Behavior\BuildLiteBehavior [ RunTime:0.000025s ]
INFO: [ app_init ] --END-- [ RunTime:0.000664s ]

[ 2019-05-23T22:31:08+08:00 ] 192.168.2.106 /index.php/Home/Servicemenu/videos.html
INFO: [ app_init ] --START--
INFO: Run Behavior\BuildLiteBehavior [ RunTime:0.000024s ]
INFO: [ app_init ] --END-- [ RunTime:0.000438s ]

[ 2019-05-23T22:31:11+08:00 ] 192.168.2.106 /index.php/Home/Servicemenu/videos.html
INFO: [ app_init ] --START--
INFO: Run Behavior\BuildLiteBehavior [ RunTime:0.000012s ]
INFO: [ app_init ] --END-- [ RunTime:0.000381s ]

[ 2019-05-23T22:31:36+08:00 ] 192.168.2.106 /index.php/Home/ServiceMenu/download?file=http://www.wawechat.siemens.com.cn:8081/%E8%A5%BF%E9%97%A8%E5%AD%90%E5%AE%B6%E5%B1%85%E7%94%B5%E6%B0%94%E5%AE%A3%E4%BC%A0%E7%89%87.mp4
INFO: [ app_init ] --START--
INFO: Run Behavior\BuildLiteBehavior [ RunTime:0.000012s ]
INFO: [ app_init ] --END-- [ RunTime:0.000347s ]

[ 2019-05-23T22:32:01+08:00 ] 192.168.2.106 /index.php/Home/ServiceMenu/download?file=http://www.wawechat.siemens.com.cn:8081/%E8%A5%BF%E9%97%A8%E5%AD%90%E5%AE%B6%E5%B1%85%E7%94%B5%E6%B0%94%E5%AE%A3%E4%BC%A0%E7%89%87.mp4
INFO: [ app_init ] --START--
INFO: Run Behavior\BuildLiteBehavior [ RunTime:0.000021s ]
INFO: [ app_init ] --END-- [ RunTime:0.000608s ]

[ 2019-05-23T22:32:19+08:00 ] 192.168.2.106 /index.php/Home/Servicemenu/videos.html
INFO: [ app_init ] --START--
INFO: Run Behavior\BuildLiteBehavior [ RunTime:0.000013s ]
INFO: [ app_init ] --END-- [ RunTime:0.000336s ]

[ 2019-05-23T22:32:46+08:00 ] 192.168.2.106 /index.php/Home/ServiceMenu/download?file=http://www.wawechat.siemens.com.cn:8081/%E8%A5%BF%E9%97%A8%E5%AD%90%E5%AE%B6%E5%B1%85%E7%94%B5%E6%B0%94%E5%AE%A3%E4%BC%A0%E7%89%87.mp4
INFO: [ app_init ] --START--
INFO: Run Behavior\BuildLiteBehavior [ RunTime:0.000011s ]
INFO: [ app_init ] --END-- [ RunTime:0.000323s ]

[ 2019-05-23T22:33:10+08:00 ] 192.168.2.106 /index.php/Home/ServiceMenu/download?http://www.wawechat.siemens.com.cn:8081/fazhanshi.mp4
INFO: [ app_init ] --START--
INFO: Run Behavior\BuildLiteBehavior [ RunTime:0.000041s ]
INFO: [ app_init ] --END-- [ RunTime:0.000605s ]

[ 2019-05-23T22:33:10+08:00 ] 192.168.2.106 /index.php/Home/ServiceMenu/download?file=http://www.wawechat.siemens.com.cn:8081/%E8%A5%BF%E9%97%A8%E5%AD%90%E5%AE%B6%E5%B1%85%E7%94%B5%E6%B0%94%E5%AE%A3%E4%BC%A0%E7%89%87.mp4
INFO: [ app_init ] --START--
INFO: Run Behavior\BuildLiteBehavior [ RunTime:0.000046s ]
INFO: [ app_init ] --END-- [ RunTime:0.000897s ]

[ 2019-05-23T22:33:20+08:00 ] 192.168.2.106 /index.php/Home/ServiceMenu/download?http://www.wawechat.siemens.com.cn:8081/fazhanshi.mp4
INFO: [ app_init ] --START--
INFO: Run Behavior\BuildLiteBehavior [ RunTime:0.000011s ]
INFO: [ app_init ] --END-- [ RunTime:0.000326s ]

[ 2019-05-23T22:33:23+08:00 ] 192.168.2.106 /index.php/Home/ServiceMenu/download?http://www.wawechat.siemens.com.cn:8081/fazhanshi.mp4
INFO: [ app_init ] --START--
INFO: Run Behavior\BuildLiteBehavior [ RunTime:0.000011s ]
INFO: [ app_init ] --END-- [ RunTime:0.000319s ]

[ 2019-05-23T22:33:27+08:00 ] ::1 /index.php/Home/Servicemenu/videos.html
INFO: [ app_init ] --START--
INFO: Run Behavior\BuildLiteBehavior [ RunTime:0.000017s ]
INFO: [ app_init ] --END-- [ RunTime:0.000467s ]

[ 2019-05-23T22:33:29+08:00 ] ::1 /index.php/Home/Servicemenu/videos.html
INFO: [ app_init ] --START--
INFO: Run Behavior\BuildLiteBehavior [ RunTime:0.000012s ]
INFO: [ app_init ] --END-- [ RunTime:0.000322s ]

[ 2019-05-23T22:34:03+08:00 ] ::1 /index.php/Home/ServiceMenu/download?file=http://www.wawechat.siemens.com.cn:8081/%E8%A5%BF%E9%97%A8%E5%AD%90%E5%AE%B6%E5%B1%85%E7%94%B5%E6%B0%94%E5%AE%A3%E4%BC%A0%E7%89%87.mp4
INFO: [ app_init ] --START--
INFO: Run Behavior\BuildLiteBehavior [ RunTime:0.000022s ]
INFO: [ app_init ] --END-- [ RunTime:0.000688s ]

[ 2019-05-23T22:35:35+08:00 ] ::1 /index.php/Home/Servicemenu/videos.html
INFO: [ app_init ] --START--
INFO: Run Behavior\BuildLiteBehavior [ RunTime:0.000012s ]
INFO: [ app_init ] --END-- [ RunTime:0.000338s ]

[ 2019-05-23T22:36:01+08:00 ] ::1 /index.php/Home/ServiceMenu/download?file=http://www.wawechat.siemens.com.cn:8081/%E8%A5%BF%E9%97%A8%E5%AD%90%E5%AE%B6%E5%B1%85%E7%94%B5%E6%B0%94%E5%AE%A3%E4%BC%A0%E7%89%87.mp4
INFO: [ app_init ] --START--
INFO: Run Behavior\BuildLiteBehavior [ RunTime:0.000016s ]
INFO: [ app_init ] --END-- [ RunTime:0.000479s ]

[ 2019-05-23T22:36:02+08:00 ] ::1 /index.php/Home/Servicemenu/videos.html
INFO: [ app_init ] --START--
INFO: Run Behavior\BuildLiteBehavior [ RunTime:0.000022s ]
INFO: [ app_init ] --END-- [ RunTime:0.000684s ]

[ 2019-05-23T22:36:08+08:00 ] 192.168.2.106 /index.php/Home/ServiceMenu/download?http://www.wawechat.siemens.com.cn:8081/fazhanshi.mp4
INFO: [ app_init ] --START--
INFO: Run Behavior\BuildLiteBehavior [ RunTime:0.000012s ]
INFO: [ app_init ] --END-- [ RunTime:0.000340s ]

[ 2019-05-23T22:36:19+08:00 ] 192.168.2.106 /index.php/Home/Servicemenu/videos
INFO: [ app_init ] --START--
INFO: Run Behavior\BuildLiteBehavior [ RunTime:0.000012s ]
INFO: [ app_init ] --END-- [ RunTime:0.000364s ]

[ 2019-05-23T22:36:55+08:00 ] 192.168.2.106 /index.php/Home/ServiceMenu/download?file=http://www.wawechat.siemens.com.cn:8081/%E8%A5%BF%E9%97%A8%E5%AD%90%E4%B8%AD%E5%9B%BD%E5%8F%91%E5%B1%95%E5%8F%B2.mp4
INFO: [ app_init ] --START--
INFO: Run Behavior\BuildLiteBehavior [ RunTime:0.000011s ]
INFO: [ app_init ] --END-- [ RunTime:0.000318s ]

[ 2019-05-23T22:37:28+08:00 ] 192.168.2.106 /index.php/Home/ServiceMenu/download?file=http://www.wawechat.siemens.com.cn:8081/%E8%A5%BF%E9%97%A8%E5%AD%90%E4%B8%AD%E5%9B%BD%E5%8F%91%E5%B1%95%E5%8F%B2.mp4
INFO: [ app_init ] --START--
INFO: Run Behavior\BuildLiteBehavior [ RunTime:0.000034s ]
INFO: [ app_init ] --END-- [ RunTime:0.001153s ]

[ 2019-05-23T22:38:02+08:00 ] 192.168.2.106 /index.php/Home/Servicemenu/videos
INFO: [ app_init ] --START--
INFO: Run Behavior\BuildLiteBehavior [ RunTime:0.000011s ]
INFO: [ app_init ] --END-- [ RunTime:0.000341s ]

[ 2019-05-23T22:38:04+08:00 ] 192.168.2.106 /index.php/Home/Servicemenu/videos
INFO: [ app_init ] --START--
INFO: Run Behavior\BuildLiteBehavior [ RunTime:0.000011s ]
INFO: [ app_init ] --END-- [ RunTime:0.000317s ]

[ 2019-05-23T22:38:38+08:00 ] 192.168.2.106 /index.php/Home/ServiceMenu/download?file=http://www.wawechat.siemens.com.cn:8081/%E8%A5%BF%E9%97%A8%E5%AD%90%E4%B8%AD%E5%9B%BD%E5%8F%91%E5%B1%95%E5%8F%B2.mp4
INFO: [ app_init ] --START--
INFO: Run Behavior\BuildLiteBehavior [ RunTime:0.000011s ]
INFO: [ app_init ] --END-- [ RunTime:0.000316s ]

[ 2019-05-23T22:39:10+08:00 ] 192.168.2.106 /index.php/Home/ServiceMenu/download?file=http://www.wawechat.siemens.com.cn:8081/%E8%A5%BF%E9%97%A8%E5%AD%90%E4%B8%AD%E5%9B%BD%E5%8F%91%E5%B1%95%E5%8F%B2.mp4
INFO: [ app_init ] --START--
INFO: Run Behavior\BuildLiteBehavior [ RunTime:0.000027s ]
INFO: [ app_init ] --END-- [ RunTime:0.000843s ]

[ 2019-05-23T22:39:29+08:00 ] ::1 /index.php/Home/Servicemenu/videos.html
INFO: [ app_init ] --START--
INFO: Run Behavior\BuildLiteBehavior [ RunTime:0.000012s ]
INFO: [ app_init ] --END-- [ RunTime:0.000348s ]

[ 2019-05-23T22:40:02+08:00 ] ::1 /index.php/Home/Servicemenu/videos.html
INFO: [ app_init ] --START--
INFO: Run Behavior\BuildLiteBehavior [ RunTime:0.000011s ]
INFO: [ app_init ] --END-- [ RunTime:0.000327s ]

[ 2019-05-23T22:43:42+08:00 ] ::1 /index.php/Home/Servicemenu/videos.html
INFO: [ app_init ] --START--
INFO: Run Behavior\BuildLiteBehavior [ RunTime:0.000011s ]
INFO: [ app_init ] --END-- [ RunTime:0.000324s ]

[ 2019-05-23T22:44:22+08:00 ] ::1 /index.php/Home/Servicemenu/videos.html
INFO: [ app_init ] --START--
INFO: Run Behavior\BuildLiteBehavior [ RunTime:0.000023s ]
INFO: [ app_init ] --END-- [ RunTime:0.000483s ]

[ 2019-05-23T22:47:35+08:00 ] ::1 /index.php/Home/Servicemenu/videos.html
INFO: [ app_init ] --START--
INFO: Run Behavior\BuildLiteBehavior [ RunTime:0.000012s ]
INFO: [ app_init ] --END-- [ RunTime:0.000379s ]

[ 2019-05-23T22:47:47+08:00 ] ::1 /index.php/Home/Servicemenu/videos.html
INFO: [ app_init ] --START--
INFO: Run Behavior\BuildLiteBehavior [ RunTime:0.000011s ]
INFO: [ app_init ] --END-- [ RunTime:0.000326s ]

[ 2019-05-23T22:48:28+08:00 ] ::1 /index.php/Home/Servicemenu/videos.html
INFO: [ app_init ] --START--
INFO: Run Behavior\BuildLiteBehavior [ RunTime:0.000015s ]
INFO: [ app_init ] --END-- [ RunTime:0.000817s ]

[ 2019-05-23T22:49:02+08:00 ] ::1 /index.php/Home/Servicemenu/videos.html
INFO: [ app_init ] --START--
INFO: Run Behavior\BuildLiteBehavior [ RunTime:0.000012s ]
INFO: [ app_init ] --END-- [ RunTime:0.000344s ]

[ 2019-05-23T22:49:08+08:00 ] ::1 /index.php/Home/Servicemenu/videos.html
INFO: [ app_init ] --START--
INFO: Run Behavior\BuildLiteBehavior [ RunTime:0.000042s ]
INFO: [ app_init ] --END-- [ RunTime:0.000900s ]

[ 2019-05-23T22:49:24+08:00 ] 192.168.2.106 /index.php/Home/Servicemenu/videos
INFO: [ app_init ] --START--
INFO: Run Behavior\BuildLiteBehavior [ RunTime:0.000012s ]
INFO: [ app_init ] --END-- [ RunTime:0.000336s ]

[ 2019-05-23T22:49:25+08:00 ] 192.168.2.106 /index.php/Home/Servicemenu/videos
INFO: [ app_init ] --START--
INFO: Run Behavior\BuildLiteBehavior [ RunTime:0.000012s ]
INFO: [ app_init ] --END-- [ RunTime:0.000326s ]

[ 2019-05-23T22:49:49+08:00 ] ::1 /index.php/Home/ServiceMenu/download?file=http://www.wawechat.siemens.com.cn:8081/%E8%A5%BF%E9%97%A8%E5%AD%90%E5%AE%B6%E5%B1%85%E7%94%B5%E6%B0%94%E5%AE%A3%E4%BC%A0%E7%89%87.mp4
INFO: [ app_init ] --START--
INFO: Run Behavior\BuildLiteBehavior [ RunTime:0.000022s ]
INFO: [ app_init ] --END-- [ RunTime:0.000593s ]

[ 2019-05-23T22:50:10+08:00 ] 192.168.2.106 /index.php/Home/Servicemenu/home
INFO: [ app_init ] --START--
INFO: Run Behavior\BuildLiteBehavior [ RunTime:0.000013s ]
INFO: [ app_init ] --END-- [ RunTime:0.000436s ]

[ 2019-05-23T22:50:12+08:00 ] 192.168.2.106 /index.php/Home/ServiceMenu/statis
INFO: [ app_init ] --START--
INFO: Run Behavior\BuildLiteBehavior [ RunTime:0.000014s ]
INFO: [ app_init ] --END-- [ RunTime:0.000351s ]

[ 2019-05-23T22:50:12+08:00 ] 192.168.2.106 /index.php/Home/Servicemenu/videos.html
INFO: [ app_init ] --START--
INFO: Run Behavior\BuildLiteBehavior [ RunTime:0.000013s ]
INFO: [ app_init ] --END-- [ RunTime:0.000355s ]

[ 2019-05-23T22:50:22+08:00 ] 192.168.2.106 /index.php/Home/ServiceMenu/download?file=http://www.wawechat.siemens.com.cn:8081/%E7%9D%BF%E8%87%B4%E7%B3%BB%E5%88%97.mp4
INFO: [ app_init ] --START--
INFO: Run Behavior\BuildLiteBehavior [ RunTime:0.000018s ]
INFO: [ app_init ] --END-- [ RunTime:0.000465s ]

[ 2019-05-23T22:50:22+08:00 ] 192.168.2.106 /index.php/Home/Servicemenu/videos
INFO: [ app_init ] --START--
INFO: Run Behavior\BuildLiteBehavior [ RunTime:0.000012s ]
INFO: [ app_init ] --END-- [ RunTime:0.000347s ]

[ 2019-05-23T22:50:22+08:00 ] 192.168.2.106 /index.php/Home/Servicemenu/videos
INFO: [ app_init ] --START--
INFO: Run Behavior\BuildLiteBehavior [ RunTime:0.000015s ]
INFO: [ app_init ] --END-- [ RunTime:0.000466s ]

[ 2019-05-23T22:50:23+08:00 ] 192.168.2.106 /index.php/Home/Servicemenu/videos
INFO: [ app_init ] --START--
INFO: Run Behavior\BuildLiteBehavior [ RunTime:0.000017s ]
INFO: [ app_init ] --END-- [ RunTime:0.000481s ]

[ 2019-05-23T22:50:23+08:00 ] 192.168.2.106 /index.php/Home/Servicemenu/videos
INFO: [ app_init ] --START--
INFO: Run Behavior\BuildLiteBehavior [ RunTime:0.000013s ]
INFO: [ app_init ] --END-- [ RunTime:0.000391s ]

[ 2019-05-23T22:50:23+08:00 ] 192.168.2.106 /index.php/Home/Servicemenu/videos
INFO: [ app_init ] --START--
INFO: Run Behavior\BuildLiteBehavior [ RunTime:0.000011s ]
INFO: [ app_init ] --END-- [ RunTime:0.000319s ]

[ 2019-05-23T22:50:23+08:00 ] 192.168.2.106 /index.php/Home/Servicemenu/videos
INFO: [ app_init ] --START--
INFO: Run Behavior\BuildLiteBehavior [ RunTime:0.000012s ]
INFO: [ app_init ] --END-- [ RunTime:0.000355s ]

[ 2019-05-23T22:50:23+08:00 ] 192.168.2.106 /index.php/Home/Servicemenu/videos
INFO: [ app_init ] --START--
INFO: Run Behavior\BuildLiteBehavior [ RunTime:0.000011s ]
INFO: [ app_init ] --END-- [ RunTime:0.000330s ]

[ 2019-05-23T22:50:23+08:00 ] 192.168.2.106 /index.php/Home/Servicemenu/videos
INFO: [ app_init ] --START--
INFO: Run Behavior\BuildLiteBehavior [ RunTime:0.000024s ]
INFO: [ app_init ] --END-- [ RunTime:0.000445s ]

[ 2019-05-23T22:50:24+08:00 ] 192.168.2.106 /index.php/Home/Servicemenu/videos
INFO: [ app_init ] --START--
INFO: Run Behavior\BuildLiteBehavior [ RunTime:0.000024s ]
INFO: [ app_init ] --END-- [ RunTime:0.000453s ]

[ 2019-05-23T22:50:24+08:00 ] 192.168.2.106 /index.php/Home/Servicemenu/videos
INFO: [ app_init ] --START--
INFO: Run Behavior\BuildLiteBehavior [ RunTime:0.000025s ]
INFO: [ app_init ] --END-- [ RunTime:0.000481s ]

[ 2019-05-23T22:50:24+08:00 ] 192.168.2.106 /index.php/Home/Servicemenu/videos
INFO: [ app_init ] --START--
INFO: Run Behavior\BuildLiteBehavior [ RunTime:0.000026s ]
INFO: [ app_init ] --END-- [ RunTime:0.000455s ]

[ 2019-05-23T22:50:45+08:00 ] 192.168.2.106 /index.php/Home/ServiceMenu/download?file=http://www.wawechat.siemens.com.cn:8081/%E8%A5%BF%E9%97%A8%E5%AD%90%E5%AE%B6%E5%B1%85%E7%94%B5%E6%B0%94%E5%AE%A3%E4%BC%A0%E7%89%87.mp4
INFO: [ app_init ] --START--
INFO: Run Behavior\BuildLiteBehavior [ RunTime:0.000011s ]
INFO: [ app_init ] --END-- [ RunTime:0.000323s ]

[ 2019-05-23T22:51:14+08:00 ] 192.168.2.107 /index.php/Home/Servicemenu/videos
INFO: [ app_init ] --START--
INFO: Run Behavior\BuildLiteBehavior [ RunTime:0.000010s ]
INFO: [ app_init ] --END-- [ RunTime:0.000318s ]

[ 2019-05-23T22:51:44+08:00 ] 192.168.2.107 /index.php/Home/ServiceMenu/download?file=http://www.wawechat.siemens.com.cn:8081/%E8%A5%BF%E9%97%A8%E5%AD%90%E5%AE%B6%E5%B1%85%E7%94%B5%E6%B0%94%E5%AE%A3%E4%BC%A0%E7%89%87.mp4
INFO: [ app_init ] --START--
INFO: Run Behavior\BuildLiteBehavior [ RunTime:0.000011s ]
INFO: [ app_init ] --END-- [ RunTime:0.000316s ]

[ 2019-05-23T22:52:00+08:00 ] 192.168.2.107 /index.php/Home/ServiceMenu/download?http://www.wawechat.siemens.com.cn:8081/fazhanshi.mp4
INFO: [ app_init ] --START--
INFO: Run Behavior\BuildLiteBehavior [ RunTime:0.000011s ]
INFO: [ app_init ] --END-- [ RunTime:0.000315s ]

[ 2019-05-23T22:52:10+08:00 ] 192.168.2.107 /index.php/Home/ServiceMenu/download?http://www.wawechat.siemens.com.cn:8081/fazhanshi.mp4
INFO: [ app_init ] --START--
INFO: Run Behavior\BuildLiteBehavior [ RunTime:0.000010s ]
INFO: [ app_init ] --END-- [ RunTime:0.000320s ]

[ 2019-05-23T22:52:43+08:00 ] 192.168.2.107 /index.php/Home/Servicemenu/videos
INFO: [ app_init ] --START--
INFO: Run Behavior\BuildLiteBehavior [ RunTime:0.000023s ]
INFO: [ app_init ] --END-- [ RunTime:0.000426s ]

[ 2019-05-23T22:52:45+08:00 ] 192.168.2.107 /index.php/Home/Servicemenu/videos
INFO: [ app_init ] --START--
INFO: Run Behavior\BuildLiteBehavior [ RunTime:0.000011s ]
INFO: [ app_init ] --END-- [ RunTime:0.000312s ]

[ 2019-05-23T22:53:06+08:00 ] 192.168.2.107 /index.php/Home/ServiceMenu/download?file=http://www.wawechat.siemens.com.cn:8081/fazhanshi.mp4
INFO: [ app_init ] --START--
INFO: Run Behavior\BuildLiteBehavior [ RunTime:0.000011s ]
INFO: [ app_init ] --END-- [ RunTime:0.000320s ]

[ 2019-05-23T22:54:26+08:00 ] 192.168.2.107 /index.php/Home/ServiceMenu/download?file=http://www.wawechat.siemens.com.cn:8081/%E7%9A%93%E7%9D%BF%E7%B3%BB%E5%88%97.mp4
INFO: [ app_init ] --START--
INFO: Run Behavior\BuildLiteBehavior [ RunTime:0.000013s ]
INFO: [ app_init ] --END-- [ RunTime:0.000330s ]

[ 2019-05-23T22:55:16+08:00 ] ::1 /index.php/Home/Servicemenu/videos.html
INFO: [ app_init ] --START--
INFO: Run Behavior\BuildLiteBehavior [ RunTime:0.000019s ]
INFO: [ app_init ] --END-- [ RunTime:0.000726s ]

