[ 2019-05-22T12:45:21+08:00 ] 192.168.50.12 /index.php/Home/Servicemenu/videos.html
INFO: [ app_init ] --START--
INFO: Run Behavior\BuildLiteBehavior [ RunTime:0.000026s ]
INFO: [ app_init ] --END-- [ RunTime:0.003557s ]

[ 2019-05-22T12:46:07+08:00 ] 192.168.50.11 /index.php/Home/Servicemenu/videos
INFO: [ app_init ] --START--
INFO: Run Behavior\BuildLiteBehavior [ RunTime:0.000024s ]
INFO: [ app_init ] --END-- [ RunTime:0.000492s ]

[ 2019-05-22T12:47:12+08:00 ] 192.168.50.12 /index.php/Home/Servicemenu/videos.html
INFO: [ app_init ] --START--
INFO: Run Behavior\BuildLiteBehavior [ RunTime:0.000013s ]
INFO: [ app_init ] --END-- [ RunTime:0.000353s ]

[ 2019-05-22T12:47:54+08:00 ] 192.168.50.11 /index.php/Home/Servicemenu/videos
INFO: [ app_init ] --START--
INFO: Run Behavior\BuildLiteBehavior [ RunTime:0.000025s ]
INFO: [ app_init ] --END-- [ RunTime:0.000472s ]

[ 2019-05-22T12:48:28+08:00 ] 192.168.50.11 /index.php/Home/Servicemenu/videos
INFO: [ app_init ] --START--
INFO: Run Behavior\BuildLiteBehavior [ RunTime:0.000024s ]
INFO: [ app_init ] --END-- [ RunTime:0.000466s ]

[ 2019-05-22T12:50:58+08:00 ] 192.168.50.12 /index.php/Home/Servicemenu/videos.html
INFO: [ app_init ] --START--
INFO: Run Behavior\BuildLiteBehavior [ RunTime:0.000028s ]
INFO: [ app_init ] --END-- [ RunTime:0.000741s ]

[ 2019-05-22T12:52:21+08:00 ] 192.168.50.11 /index.php/Home/Servicemenu/videos
INFO: [ app_init ] --START--
INFO: Run Behavior\BuildLiteBehavior [ RunTime:0.000011s ]
INFO: [ app_init ] --END-- [ RunTime:0.000327s ]

[ 2019-05-22T12:57:03+08:00 ] 192.168.50.11 /index.php/Home/Servicemenu/videos
INFO: [ app_init ] --START--
INFO: Run Behavior\BuildLiteBehavior [ RunTime:0.000024s ]
INFO: [ app_init ] --END-- [ RunTime:0.000432s ]

[ 2019-05-22T13:02:26+08:00 ] 192.168.50.11 /index.php/Home/Servicemenu/videos
INFO: [ app_init ] --START--
INFO: Run Behavior\BuildLiteBehavior [ RunTime:0.000012s ]
INFO: [ app_init ] --END-- [ RunTime:0.000329s ]

[ 2019-05-22T13:06:01+08:00 ] 192.168.50.12 /index.php/Home/Servicemenu/videos
INFO: [ app_init ] --START--
INFO: Run Behavior\BuildLiteBehavior [ RunTime:0.000047s ]
INFO: [ app_init ] --END-- [ RunTime:0.000899s ]

[ 2019-05-22T13:54:19+08:00 ] ::1 /index.php/Home/Servicemenu/videos
INFO: [ app_init ] --START--
INFO: Run Behavior\BuildLiteBehavior [ RunTime:0.000084s ]
INFO: [ app_init ] --END-- [ RunTime:0.001053s ]

[ 2019-05-22T13:54:38+08:00 ] 192.168.50.12 /index.php/Home/Servicemenu/videos
INFO: [ app_init ] --START--
INFO: Run Behavior\BuildLiteBehavior [ RunTime:0.000023s ]
INFO: [ app_init ] --END-- [ RunTime:0.000971s ]

[ 2019-05-22T13:55:08+08:00 ] 192.168.50.12 /index.php/Home/Servicemenu/videos
INFO: [ app_init ] --START--
INFO: Run Behavior\BuildLiteBehavior [ RunTime:0.000020s ]
INFO: [ app_init ] --END-- [ RunTime:0.000591s ]

[ 2019-05-22T13:55:33+08:00 ] 192.168.50.12 /index.php/Home/Servicemenu/videos
INFO: [ app_init ] --START--
INFO: Run Behavior\BuildLiteBehavior [ RunTime:0.000026s ]
INFO: [ app_init ] --END-- [ RunTime:0.000506s ]

[ 2019-05-22T13:55:55+08:00 ] 192.168.50.12 /index.php/Home/Servicemenu/videos
INFO: [ app_init ] --START--
INFO: Run Behavior\BuildLiteBehavior [ RunTime:0.000015s ]
INFO: [ app_init ] --END-- [ RunTime:0.000388s ]

[ 2019-05-22T21:03:31+08:00 ] 192.168.2.104 /index.php/Home/Servicemenu/videos
INFO: [ app_init ] --START--
INFO: Run Behavior\BuildLiteBehavior [ RunTime:0.000037s ]
INFO: [ app_init ] --END-- [ RunTime:0.004432s ]

[ 2019-05-22T21:03:32+08:00 ] 192.168.2.104 /index.php/Home/Servicemenu/videos
INFO: [ app_init ] --START--
INFO: Run Behavior\BuildLiteBehavior [ RunTime:0.000011s ]
INFO: [ app_init ] --END-- [ RunTime:0.000313s ]

[ 2019-05-22T21:04:43+08:00 ] 192.168.2.104 /index.php/Home/Servicemenu/videos
INFO: [ app_init ] --START--
INFO: Run Behavior\BuildLiteBehavior [ RunTime:0.000025s ]
INFO: [ app_init ] --END-- [ RunTime:0.000508s ]

[ 2019-05-22T21:05:11+08:00 ] 192.168.2.104 /index.php/Home/Servicemenu/videos
INFO: [ app_init ] --START--
INFO: Run Behavior\BuildLiteBehavior [ RunTime:0.000025s ]
INFO: [ app_init ] --END-- [ RunTime:0.000478s ]

[ 2019-05-22T21:05:43+08:00 ] 192.168.2.104 /index.php/Home/Servicemenu/videos
INFO: [ app_init ] --START--
INFO: Run Behavior\BuildLiteBehavior [ RunTime:0.000029s ]
INFO: [ app_init ] --END-- [ RunTime:0.000533s ]

[ 2019-05-22T21:06:22+08:00 ] 192.168.2.106 /index.php/Home/Servicemenu/videos
INFO: [ app_init ] --START--
INFO: Run Behavior\BuildLiteBehavior [ RunTime:0.000025s ]
INFO: [ app_init ] --END-- [ RunTime:0.000482s ]

[ 2019-05-22T21:08:24+08:00 ] 192.168.2.107 /index.php/Home/Servicemenu/videos
INFO: [ app_init ] --START--
INFO: Run Behavior\BuildLiteBehavior [ RunTime:0.000025s ]
INFO: [ app_init ] --END-- [ RunTime:0.000493s ]

[ 2019-05-22T21:10:32+08:00 ] 192.168.2.107 /index.php/Home/Servicemenu/home
INFO: [ app_init ] --START--
INFO: Run Behavior\BuildLiteBehavior [ RunTime:0.000025s ]
INFO: [ app_init ] --END-- [ RunTime:0.000429s ]

