[ 2019-04-29T01:05:38+08:00 ] ::1 /index.php/Home/Servicemenu/joinus
INFO: [ app_init ] --START--
INFO: Run Behavior\BuildLiteBehavior [ RunTime:0.000037s ]
INFO: [ app_init ] --END-- [ RunTime:0.000603s ]

[ 2019-04-29T01:06:24+08:00 ] ::1 /index.php/Home/Servicemenu/joinus
INFO: [ app_init ] --START--
INFO: Run Behavior\BuildLiteBehavior [ RunTime:0.000024s ]
INFO: [ app_init ] --END-- [ RunTime:0.000621s ]

[ 2019-04-29T01:06:26+08:00 ] ::1 /index.php/Home/Servicemenu/joinus
INFO: [ app_init ] --START--
INFO: Run Behavior\BuildLiteBehavior [ RunTime:0.000014s ]
INFO: [ app_init ] --END-- [ RunTime:0.000379s ]

[ 2019-04-29T01:06:45+08:00 ] ::1 /index.php/Home/Servicemenu/joinus
INFO: [ app_init ] --START--
INFO: Run Behavior\BuildLiteBehavior [ RunTime:0.000012s ]
INFO: [ app_init ] --END-- [ RunTime:0.000346s ]

[ 2019-04-29T01:07:13+08:00 ] ::1 /index.php/Home/Servicemenu/joinus
INFO: [ app_init ] --START--
INFO: Run Behavior\BuildLiteBehavior [ RunTime:0.000013s ]
INFO: [ app_init ] --END-- [ RunTime:0.000337s ]

[ 2019-04-29T01:09:38+08:00 ] ::1 /index.php/Home/Servicemenu/joinus
INFO: [ app_init ] --START--
INFO: Run Behavior\BuildLiteBehavior [ RunTime:0.000015s ]
INFO: [ app_init ] --END-- [ RunTime:0.000488s ]

[ 2019-04-29T01:10:12+08:00 ] ::1 /index.php/Home/Servicemenu/joinus
INFO: [ app_init ] --START--
INFO: Run Behavior\BuildLiteBehavior [ RunTime:0.000015s ]
INFO: [ app_init ] --END-- [ RunTime:0.000388s ]

[ 2019-04-29T01:12:43+08:00 ] ::1 /index.php/Home/Servicemenu/questions
INFO: [ app_init ] --START--
INFO: Run Behavior\BuildLiteBehavior [ RunTime:0.000038s ]
INFO: [ app_init ] --END-- [ RunTime:0.000926s ]

[ 2019-04-29T01:12:43+08:00 ] ::1 /index.php/Home/ServiceMenu/problem
INFO: [ app_init ] --START--
INFO: Run Behavior\BuildLiteBehavior [ RunTime:0.000049s ]
INFO: [ app_init ] --END-- [ RunTime:0.000807s ]

[ 2019-04-29T01:14:58+08:00 ] ::1 /index.php/Home/Servicemenu/questions
INFO: [ app_init ] --START--
INFO: Run Behavior\BuildLiteBehavior [ RunTime:0.000012s ]
INFO: [ app_init ] --END-- [ RunTime:0.000341s ]

[ 2019-04-29T01:15:01+08:00 ] ::1 /index.php/Home/ServiceMenu/problem
INFO: [ app_init ] --START--
INFO: Run Behavior\BuildLiteBehavior [ RunTime:0.000025s ]
INFO: [ app_init ] --END-- [ RunTime:0.002584s ]

[ 2019-04-29T01:16:40+08:00 ] ::1 /index.php/Home/Servicemenu/questions
INFO: [ app_init ] --START--
INFO: Run Behavior\BuildLiteBehavior [ RunTime:0.000012s ]
INFO: [ app_init ] --END-- [ RunTime:0.000343s ]

[ 2019-04-29T01:16:44+08:00 ] ::1 /index.php/Home/ServiceMenu/problem
INFO: [ app_init ] --START--
INFO: Run Behavior\BuildLiteBehavior [ RunTime:0.000016s ]
INFO: [ app_init ] --END-- [ RunTime:0.000480s ]

[ 2019-04-29T01:17:22+08:00 ] ::1 /index.php/Home/Servicemenu/questions
INFO: [ app_init ] --START--
INFO: Run Behavior\BuildLiteBehavior [ RunTime:0.000022s ]
INFO: [ app_init ] --END-- [ RunTime:0.000700s ]

[ 2019-04-29T01:17:23+08:00 ] ::1 /index.php/Home/ServiceMenu/problem
INFO: [ app_init ] --START--
INFO: Run Behavior\BuildLiteBehavior [ RunTime:0.000024s ]
INFO: [ app_init ] --END-- [ RunTime:0.000725s ]

[ 2019-04-29T01:17:30+08:00 ] ::1 /index.php/Home/Servicemenu/questions
INFO: [ app_init ] --START--
INFO: Run Behavior\BuildLiteBehavior [ RunTime:0.000017s ]
INFO: [ app_init ] --END-- [ RunTime:0.000532s ]

[ 2019-04-29T01:17:30+08:00 ] ::1 /index.php/Home/ServiceMenu/problem
INFO: [ app_init ] --START--
INFO: Run Behavior\BuildLiteBehavior [ RunTime:0.000023s ]
INFO: [ app_init ] --END-- [ RunTime:0.000646s ]

[ 2019-04-29T01:17:55+08:00 ] ::1 /index.php/Home/Servicemenu/questions
INFO: [ app_init ] --START--
INFO: Run Behavior\BuildLiteBehavior [ RunTime:0.000038s ]
INFO: [ app_init ] --END-- [ RunTime:0.000741s ]

[ 2019-04-29T01:17:55+08:00 ] ::1 /index.php/Home/ServiceMenu/problem
INFO: [ app_init ] --START--
INFO: Run Behavior\BuildLiteBehavior [ RunTime:0.000047s ]
INFO: [ app_init ] --END-- [ RunTime:0.001737s ]

[ 2019-04-29T01:18:05+08:00 ] ::1 /index.php/Home/Servicemenu/questions
INFO: [ app_init ] --START--
INFO: Run Behavior\BuildLiteBehavior [ RunTime:0.000022s ]
INFO: [ app_init ] --END-- [ RunTime:0.000571s ]

[ 2019-04-29T01:18:05+08:00 ] ::1 /index.php/Home/ServiceMenu/problem
INFO: [ app_init ] --START--
INFO: Run Behavior\BuildLiteBehavior [ RunTime:0.000025s ]
INFO: [ app_init ] --END-- [ RunTime:0.000851s ]

[ 2019-04-29T01:18:26+08:00 ] ::1 /index.php/Home/Servicemenu/questions
INFO: [ app_init ] --START--
INFO: Run Behavior\BuildLiteBehavior [ RunTime:0.000015s ]
INFO: [ app_init ] --END-- [ RunTime:0.000512s ]

[ 2019-04-29T01:18:26+08:00 ] ::1 /index.php/Home/ServiceMenu/problem
INFO: [ app_init ] --START--
INFO: Run Behavior\BuildLiteBehavior [ RunTime:0.000026s ]
INFO: [ app_init ] --END-- [ RunTime:0.001309s ]

[ 2019-04-29T01:18:27+08:00 ] ::1 /index.php/Home/Servicemenu/questions
INFO: [ app_init ] --START--
INFO: Run Behavior\BuildLiteBehavior [ RunTime:0.000029s ]
INFO: [ app_init ] --END-- [ RunTime:0.000947s ]

[ 2019-04-29T01:18:27+08:00 ] ::1 /index.php/Home/ServiceMenu/problem
INFO: [ app_init ] --START--
INFO: Run Behavior\BuildLiteBehavior [ RunTime:0.000026s ]
INFO: [ app_init ] --END-- [ RunTime:0.000732s ]

[ 2019-04-29T01:18:34+08:00 ] ::1 /index.php/Home/Servicemenu/questions
INFO: [ app_init ] --START--
INFO: Run Behavior\BuildLiteBehavior [ RunTime:0.000061s ]
INFO: [ app_init ] --END-- [ RunTime:0.000576s ]

[ 2019-04-29T01:18:35+08:00 ] ::1 /index.php/Home/ServiceMenu/problem
INFO: [ app_init ] --START--
INFO: Run Behavior\BuildLiteBehavior [ RunTime:0.000023s ]
INFO: [ app_init ] --END-- [ RunTime:0.000635s ]

[ 2019-04-29T01:18:35+08:00 ] ::1 /index.php/Home/Servicemenu/questions
INFO: [ app_init ] --START--
INFO: Run Behavior\BuildLiteBehavior [ RunTime:0.000026s ]
INFO: [ app_init ] --END-- [ RunTime:0.000920s ]

[ 2019-04-29T01:18:36+08:00 ] ::1 /index.php/Home/ServiceMenu/problem
INFO: [ app_init ] --START--
INFO: Run Behavior\BuildLiteBehavior [ RunTime:0.000024s ]
INFO: [ app_init ] --END-- [ RunTime:0.000609s ]

[ 2019-04-29T01:19:13+08:00 ] ::1 /index.php/Home/Servicemenu/questions
INFO: [ app_init ] --START--
INFO: Run Behavior\BuildLiteBehavior [ RunTime:0.000071s ]
INFO: [ app_init ] --END-- [ RunTime:0.001100s ]

[ 2019-04-29T01:19:13+08:00 ] ::1 /index.php/Home/ServiceMenu/problem
INFO: [ app_init ] --START--
INFO: Run Behavior\BuildLiteBehavior [ RunTime:0.000026s ]
INFO: [ app_init ] --END-- [ RunTime:0.000680s ]

[ 2019-04-29T01:21:00+08:00 ] ::1 /index.php/Home/Servicemenu/questions
INFO: [ app_init ] --START--
INFO: Run Behavior\BuildLiteBehavior [ RunTime:0.000021s ]
INFO: [ app_init ] --END-- [ RunTime:0.000580s ]

[ 2019-04-29T01:21:00+08:00 ] ::1 /index.php/Home/ServiceMenu/problem
INFO: [ app_init ] --START--
INFO: Run Behavior\BuildLiteBehavior [ RunTime:0.000026s ]
INFO: [ app_init ] --END-- [ RunTime:0.001098s ]

[ 2019-04-29T01:21:01+08:00 ] ::1 /index.php/Home/ServiceMenu/problem
INFO: [ app_init ] --START--
INFO: Run Behavior\BuildLiteBehavior [ RunTime:0.000016s ]
INFO: [ app_init ] --END-- [ RunTime:0.000532s ]

[ 2019-04-29T01:21:03+08:00 ] ::1 /index.php/Home/ServiceMenu/problem
INFO: [ app_init ] --START--
INFO: Run Behavior\BuildLiteBehavior [ RunTime:0.000015s ]
INFO: [ app_init ] --END-- [ RunTime:0.000387s ]

[ 2019-04-29T01:21:04+08:00 ] ::1 /index.php/Home/ServiceMenu/problem
INFO: [ app_init ] --START--
INFO: Run Behavior\BuildLiteBehavior [ RunTime:0.000015s ]
INFO: [ app_init ] --END-- [ RunTime:0.000512s ]

[ 2019-04-29T01:25:43+08:00 ] ::1 /index.php/Home/Servicemenu/home
INFO: [ app_init ] --START--
INFO: Run Behavior\BuildLiteBehavior [ RunTime:0.000023s ]
INFO: [ app_init ] --END-- [ RunTime:0.000665s ]

[ 2019-04-29T01:27:06+08:00 ] ::1 /index.php/Home/Servicemenu/home
INFO: [ app_init ] --START--
INFO: Run Behavior\BuildLiteBehavior [ RunTime:0.000034s ]
INFO: [ app_init ] --END-- [ RunTime:0.000728s ]

[ 2019-04-29T01:27:07+08:00 ] ::1 /index.php/Home/Servicemenu/home
INFO: [ app_init ] --START--
INFO: Run Behavior\BuildLiteBehavior [ RunTime:0.000021s ]
INFO: [ app_init ] --END-- [ RunTime:0.000520s ]

[ 2019-04-29T01:27:08+08:00 ] ::1 /index.php/Home/Servicemenu/home
INFO: [ app_init ] --START--
INFO: Run Behavior\BuildLiteBehavior [ RunTime:0.000012s ]
INFO: [ app_init ] --END-- [ RunTime:0.000327s ]

[ 2019-04-29T01:27:09+08:00 ] ::1 /index.php/Home/Servicemenu/home
INFO: [ app_init ] --START--
INFO: Run Behavior\BuildLiteBehavior [ RunTime:0.000028s ]
INFO: [ app_init ] --END-- [ RunTime:0.000762s ]

[ 2019-04-29T01:28:01+08:00 ] ::1 /index.php/Home/Servicemenu/home
INFO: [ app_init ] --START--
INFO: Run Behavior\BuildLiteBehavior [ RunTime:0.000013s ]
INFO: [ app_init ] --END-- [ RunTime:0.000371s ]

[ 2019-04-29T01:28:02+08:00 ] ::1 /index.php/Home/Servicemenu/home
INFO: [ app_init ] --START--
INFO: Run Behavior\BuildLiteBehavior [ RunTime:0.000015s ]
INFO: [ app_init ] --END-- [ RunTime:0.000486s ]

[ 2019-04-29T01:28:02+08:00 ] ::1 /index.php/Home/Servicemenu/home
INFO: [ app_init ] --START--
INFO: Run Behavior\BuildLiteBehavior [ RunTime:0.000013s ]
INFO: [ app_init ] --END-- [ RunTime:0.000375s ]

[ 2019-04-29T01:28:18+08:00 ] ::1 /index.php/Home/Servicemenu/home
INFO: [ app_init ] --START--
INFO: Run Behavior\BuildLiteBehavior [ RunTime:0.000012s ]
INFO: [ app_init ] --END-- [ RunTime:0.000342s ]

[ 2019-04-29T01:28:20+08:00 ] ::1 /index.php/Home/Servicemenu/home
INFO: [ app_init ] --START--
INFO: Run Behavior\BuildLiteBehavior [ RunTime:0.000059s ]
INFO: [ app_init ] --END-- [ RunTime:0.000547s ]

[ 2019-04-29T01:28:26+08:00 ] ::1 /index.php/Home/Servicemenu/home
INFO: [ app_init ] --START--
INFO: Run Behavior\BuildLiteBehavior [ RunTime:0.000019s ]
INFO: [ app_init ] --END-- [ RunTime:0.000506s ]

[ 2019-04-29T01:30:10+08:00 ] ::1 /index.php/Home/Servicemenu/home
INFO: [ app_init ] --START--
INFO: Run Behavior\BuildLiteBehavior [ RunTime:0.000013s ]
INFO: [ app_init ] --END-- [ RunTime:0.000351s ]

[ 2019-04-29T01:34:42+08:00 ] ::1 /index.php/Home/Servicemenu/home
INFO: [ app_init ] --START--
INFO: Run Behavior\BuildLiteBehavior [ RunTime:0.000022s ]
INFO: [ app_init ] --END-- [ RunTime:0.000585s ]

[ 2019-04-29T01:40:18+08:00 ] ::1 /index.php/Home/Servicemenu/joinus
INFO: [ app_init ] --START--
INFO: Run Behavior\BuildLiteBehavior [ RunTime:0.000016s ]
INFO: [ app_init ] --END-- [ RunTime:0.000642s ]

[ 2019-04-29T01:40:19+08:00 ] ::1 /index.php/Home/Servicemenu/joinus
INFO: [ app_init ] --START--
INFO: Run Behavior\BuildLiteBehavior [ RunTime:0.000015s ]
INFO: [ app_init ] --END-- [ RunTime:0.000406s ]

[ 2019-04-29T01:41:27+08:00 ] ::1 /index.php/Home/Servicemenu/joinus
INFO: [ app_init ] --START--
INFO: Run Behavior\BuildLiteBehavior [ RunTime:0.000014s ]
INFO: [ app_init ] --END-- [ RunTime:0.000334s ]

[ 2019-04-29T01:41:41+08:00 ] ::1 /index.php/Home/Servicemenu/joinus
INFO: [ app_init ] --START--
INFO: Run Behavior\BuildLiteBehavior [ RunTime:0.000012s ]
INFO: [ app_init ] --END-- [ RunTime:0.000332s ]

[ 2019-04-29T01:41:59+08:00 ] ::1 /index.php/Home/Servicemenu/joinus
INFO: [ app_init ] --START--
INFO: Run Behavior\BuildLiteBehavior [ RunTime:0.000027s ]
INFO: [ app_init ] --END-- [ RunTime:0.000662s ]

[ 2019-04-29T01:42:07+08:00 ] ::1 /index.php/Home/Servicemenu/joinus
INFO: [ app_init ] --START--
INFO: Run Behavior\BuildLiteBehavior [ RunTime:0.000044s ]
INFO: [ app_init ] --END-- [ RunTime:0.000702s ]

[ 2019-04-29T01:42:34+08:00 ] ::1 /index.php/Home/Servicemenu/advices
INFO: [ app_init ] --START--
INFO: Run Behavior\BuildLiteBehavior [ RunTime:0.000020s ]
INFO: [ app_init ] --END-- [ RunTime:0.001172s ]

[ 2019-04-29T01:44:07+08:00 ] ::1 /index.php/Home/Servicemenu/advices
INFO: [ app_init ] --START--
INFO: Run Behavior\BuildLiteBehavior [ RunTime:0.000014s ]
INFO: [ app_init ] --END-- [ RunTime:0.000391s ]

[ 2019-04-29T01:44:10+08:00 ] ::1 /index.php/Home/Servicemenu/advices
INFO: [ app_init ] --START--
INFO: Run Behavior\BuildLiteBehavior [ RunTime:0.000015s ]
INFO: [ app_init ] --END-- [ RunTime:0.000441s ]

[ 2019-04-29T01:44:11+08:00 ] ::1 /index.php/Home/Servicemenu/advices
INFO: [ app_init ] --START--
INFO: Run Behavior\BuildLiteBehavior [ RunTime:0.000017s ]
INFO: [ app_init ] --END-- [ RunTime:0.000473s ]

[ 2019-04-29T01:44:27+08:00 ] ::1 /index.php/Home/Servicemenu/advices
INFO: [ app_init ] --START--
INFO: Run Behavior\BuildLiteBehavior [ RunTime:0.000018s ]
INFO: [ app_init ] --END-- [ RunTime:0.001848s ]

[ 2019-04-29T01:47:02+08:00 ] ::1 /index.php/Home/Servicemenu/advices
INFO: [ app_init ] --START--
INFO: Run Behavior\BuildLiteBehavior [ RunTime:0.000014s ]
INFO: [ app_init ] --END-- [ RunTime:0.000374s ]

[ 2019-04-29T01:47:18+08:00 ] ::1 /index.php/Home/Servicemenu/advices
INFO: [ app_init ] --START--
INFO: Run Behavior\BuildLiteBehavior [ RunTime:0.000017s ]
INFO: [ app_init ] --END-- [ RunTime:0.000616s ]

[ 2019-04-29T01:47:54+08:00 ] ::1 /index.php/Home/Servicemenu/advices
INFO: [ app_init ] --START--
INFO: Run Behavior\BuildLiteBehavior [ RunTime:0.000012s ]
INFO: [ app_init ] --END-- [ RunTime:0.000334s ]

[ 2019-04-29T01:48:30+08:00 ] 192.168.2.102 /index.php/Home/Servicemenu/advices
INFO: [ app_init ] --START--
INFO: Run Behavior\BuildLiteBehavior [ RunTime:0.000012s ]
INFO: [ app_init ] --END-- [ RunTime:0.000332s ]

[ 2019-04-29T01:50:14+08:00 ] ::1 /index.php/Home/Servicemenu/advices
INFO: [ app_init ] --START--
INFO: Run Behavior\BuildLiteBehavior [ RunTime:0.000013s ]
INFO: [ app_init ] --END-- [ RunTime:0.000341s ]

[ 2019-04-29T01:51:15+08:00 ] ::1 /index.php/Home/Servicemenu/advices
INFO: [ app_init ] --START--
INFO: Run Behavior\BuildLiteBehavior [ RunTime:0.000028s ]
INFO: [ app_init ] --END-- [ RunTime:0.002168s ]

[ 2019-04-29T01:51:16+08:00 ] ::1 /index.php/Home/Servicemenu/advices
INFO: [ app_init ] --START--
INFO: Run Behavior\BuildLiteBehavior [ RunTime:0.000013s ]
INFO: [ app_init ] --END-- [ RunTime:0.000330s ]

[ 2019-04-29T01:51:37+08:00 ] ::1 /index.php/Home/Servicemenu/advices
INFO: [ app_init ] --START--
INFO: Run Behavior\BuildLiteBehavior [ RunTime:0.000016s ]
INFO: [ app_init ] --END-- [ RunTime:0.000483s ]

[ 2019-04-29T01:51:38+08:00 ] ::1 /index.php/Home/Servicemenu/advices
INFO: [ app_init ] --START--
INFO: Run Behavior\BuildLiteBehavior [ RunTime:0.000017s ]
INFO: [ app_init ] --END-- [ RunTime:0.000463s ]

[ 2019-04-29T01:52:10+08:00 ] ::1 /index.php/Home/Servicemenu/advices
INFO: [ app_init ] --START--
INFO: Run Behavior\BuildLiteBehavior [ RunTime:0.000013s ]
INFO: [ app_init ] --END-- [ RunTime:0.000336s ]

[ 2019-04-29T01:55:59+08:00 ] ::1 /index.php/Home/Servicemenu/advices
INFO: [ app_init ] --START--
INFO: Run Behavior\BuildLiteBehavior [ RunTime:0.000027s ]
INFO: [ app_init ] --END-- [ RunTime:0.000450s ]

