[ 2019-05-07T12:16:52+08:00 ] 192.168.50.13 /index.php/Home/ServiceMenu/videos
INFO: [ app_init ] --START--
INFO: Run Behavior\BuildLiteBehavior [ RunTime:0.000029s ]
INFO: [ app_init ] --END-- [ RunTime:0.001168s ]

[ 2019-05-07T12:49:23+08:00 ] ::1 /index.php/Home/Servicemenu/videos1
INFO: [ app_init ] --START--
INFO: Run Behavior\BuildLiteBehavior [ RunTime:0.000015s ]
INFO: [ app_init ] --END-- [ RunTime:0.000465s ]

[ 2019-05-07T12:49:56+08:00 ] ::1 /index.php/Home/Servicemenu/videos1
INFO: [ app_init ] --START--
INFO: Run Behavior\BuildLiteBehavior [ RunTime:0.000032s ]
INFO: [ app_init ] --END-- [ RunTime:0.001096s ]

[ 2019-05-07T12:53:27+08:00 ] ::1 /index.php/Home/Servicemenu/videos1
INFO: [ app_init ] --START--
INFO: Run Behavior\BuildLiteBehavior [ RunTime:0.000029s ]
INFO: [ app_init ] --END-- [ RunTime:0.000683s ]

[ 2019-05-07T12:53:31+08:00 ] ::1 /index.php/Home/Servicemenu/videos1
INFO: [ app_init ] --START--
INFO: Run Behavior\BuildLiteBehavior [ RunTime:0.000011s ]
INFO: [ app_init ] --END-- [ RunTime:0.000322s ]

[ 2019-05-07T12:54:10+08:00 ] ::1 /index.php/Home/Servicemenu/videos1
INFO: [ app_init ] --START--
INFO: Run Behavior\BuildLiteBehavior [ RunTime:0.000025s ]
INFO: [ app_init ] --END-- [ RunTime:0.000449s ]

[ 2019-05-07T12:54:28+08:00 ] ::1 /index.php/Home/Servicemenu/videos1
INFO: [ app_init ] --START--
INFO: Run Behavior\BuildLiteBehavior [ RunTime:0.000025s ]
INFO: [ app_init ] --END-- [ RunTime:0.000443s ]

[ 2019-05-07T12:54:30+08:00 ] ::1 /index.php/Home/Servicemenu/videos1
INFO: [ app_init ] --START--
INFO: Run Behavior\BuildLiteBehavior [ RunTime:0.000015s ]
INFO: [ app_init ] --END-- [ RunTime:0.000440s ]

[ 2019-05-07T13:14:11+08:00 ] ::1 /index.php/Home/Servicemenu/videos1
INFO: [ app_init ] --START--
INFO: Run Behavior\BuildLiteBehavior [ RunTime:0.000014s ]
INFO: [ app_init ] --END-- [ RunTime:0.000451s ]

[ 2019-05-07T21:07:56+08:00 ] ::1 /index.php/Home/Servicemenu/videos1
INFO: [ app_init ] --START--
INFO: Run Behavior\BuildLiteBehavior [ RunTime:0.000037s ]
INFO: [ app_init ] --END-- [ RunTime:0.002224s ]

[ 2019-05-07T21:08:27+08:00 ] ::1 /index.php/Home/Servicemenu/videos1
INFO: [ app_init ] --START--
INFO: Run Behavior\BuildLiteBehavior [ RunTime:0.000021s ]
INFO: [ app_init ] --END-- [ RunTime:0.000842s ]

[ 2019-05-07T21:31:38+08:00 ] ::1 /index.php/Home/Servicemenu/videos1
INFO: [ app_init ] --START--
INFO: Run Behavior\BuildLiteBehavior [ RunTime:0.000016s ]
INFO: [ app_init ] --END-- [ RunTime:0.000430s ]

[ 2019-05-07T21:31:49+08:00 ] ::1 /index.php/Home/Servicemenu/videos1
INFO: [ app_init ] --START--
INFO: Run Behavior\BuildLiteBehavior [ RunTime:0.000081s ]
INFO: [ app_init ] --END-- [ RunTime:0.002769s ]

[ 2019-05-07T21:32:03+08:00 ] ::1 /index.php/Home/Servicemenu/videos1
INFO: [ app_init ] --START--
INFO: Run Behavior\BuildLiteBehavior [ RunTime:0.000026s ]
INFO: [ app_init ] --END-- [ RunTime:0.001101s ]

[ 2019-05-07T21:32:34+08:00 ] ::1 /index.php/Home/Servicemenu/videos1
INFO: [ app_init ] --START--
INFO: Run Behavior\BuildLiteBehavior [ RunTime:0.000056s ]
INFO: [ app_init ] --END-- [ RunTime:0.002225s ]

[ 2019-05-07T21:35:53+08:00 ] 192.168.2.103 /index.php/Home/Servicemenu/videos1
INFO: [ app_init ] --START--
INFO: Run Behavior\BuildLiteBehavior [ RunTime:0.000024s ]
INFO: [ app_init ] --END-- [ RunTime:0.000441s ]

[ 2019-05-07T21:36:23+08:00 ] 192.168.2.103 /index.php/Home/Servicemenu/videos1
INFO: [ app_init ] --START--
INFO: Run Behavior\BuildLiteBehavior [ RunTime:0.000013s ]
INFO: [ app_init ] --END-- [ RunTime:0.000380s ]

[ 2019-05-07T21:38:10+08:00 ] ::1 /index.php/Home/Servicemenu/videos1
INFO: [ app_init ] --START--
INFO: Run Behavior\BuildLiteBehavior [ RunTime:0.000056s ]
INFO: [ app_init ] --END-- [ RunTime:0.000671s ]

[ 2019-05-07T21:38:17+08:00 ] 192.168.2.103 /index.php/Home/Servicemenu/videos1
INFO: [ app_init ] --START--
INFO: Run Behavior\BuildLiteBehavior [ RunTime:0.000015s ]
INFO: [ app_init ] --END-- [ RunTime:0.000438s ]

[ 2019-05-07T21:38:33+08:00 ] 192.168.2.103 /index.php/Home/Servicemenu/videos1
INFO: [ app_init ] --START--
INFO: Run Behavior\BuildLiteBehavior [ RunTime:0.000013s ]
INFO: [ app_init ] --END-- [ RunTime:0.000354s ]

[ 2019-05-07T21:39:06+08:00 ] 192.168.2.100 /index.php/Home/Servicemenu/videos1
INFO: [ app_init ] --START--
INFO: Run Behavior\BuildLiteBehavior [ RunTime:0.000015s ]
INFO: [ app_init ] --END-- [ RunTime:0.000381s ]

[ 2019-05-07T21:39:43+08:00 ] 192.168.2.100 /index.php/Home/Servicemenu/videos
INFO: [ app_init ] --START--
INFO: Run Behavior\BuildLiteBehavior [ RunTime:0.000023s ]
INFO: [ app_init ] --END-- [ RunTime:0.000642s ]

[ 2019-05-07T21:44:08+08:00 ] ::1 /index.php/Home/Servicemenu/videos1
INFO: [ app_init ] --START--
INFO: Run Behavior\BuildLiteBehavior [ RunTime:0.000026s ]
INFO: [ app_init ] --END-- [ RunTime:0.000664s ]

[ 2019-05-07T21:44:41+08:00 ] ::1 /index.php/Home/Servicemenu/videos
INFO: [ app_init ] --START--
INFO: Run Behavior\BuildLiteBehavior [ RunTime:0.000026s ]
INFO: [ app_init ] --END-- [ RunTime:0.002142s ]

[ 2019-05-07T21:44:50+08:00 ] ::1 /index.php/Home/Servicemenu/videos
INFO: [ app_init ] --START--
INFO: Run Behavior\BuildLiteBehavior [ RunTime:0.000035s ]
INFO: [ app_init ] --END-- [ RunTime:0.001088s ]

[ 2019-05-07T21:47:05+08:00 ] ::1 /index.php/Home/Servicemenu/videos1
INFO: [ app_init ] --START--
INFO: Run Behavior\BuildLiteBehavior [ RunTime:0.000024s ]
INFO: [ app_init ] --END-- [ RunTime:0.000656s ]

[ 2019-05-07T21:51:35+08:00 ] ::1 /index.php/Home/Servicemenu/videos1
INFO: [ app_init ] --START--
INFO: Run Behavior\BuildLiteBehavior [ RunTime:0.000012s ]
INFO: [ app_init ] --END-- [ RunTime:0.000326s ]

[ 2019-05-07T21:52:37+08:00 ] ::1 /index.php/Home/Servicemenu/videos1
INFO: [ app_init ] --START--
INFO: Run Behavior\BuildLiteBehavior [ RunTime:0.000012s ]
INFO: [ app_init ] --END-- [ RunTime:0.000342s ]

[ 2019-05-07T21:53:08+08:00 ] ::1 /index.php/Home/Servicemenu/videos1
INFO: [ app_init ] --START--
INFO: Run Behavior\BuildLiteBehavior [ RunTime:0.000014s ]
INFO: [ app_init ] --END-- [ RunTime:0.000415s ]

[ 2019-05-07T21:54:05+08:00 ] ::1 /index.php/Home/Servicemenu/videos1
INFO: [ app_init ] --START--
INFO: Run Behavior\BuildLiteBehavior [ RunTime:0.000012s ]
INFO: [ app_init ] --END-- [ RunTime:0.000317s ]

[ 2019-05-07T21:54:48+08:00 ] ::1 /index.php/Home/Servicemenu/videos1
INFO: [ app_init ] --START--
INFO: Run Behavior\BuildLiteBehavior [ RunTime:0.000014s ]
INFO: [ app_init ] --END-- [ RunTime:0.000383s ]

[ 2019-05-07T21:54:57+08:00 ] ::1 /index.php/Home/Servicemenu/videos1
INFO: [ app_init ] --START--
INFO: Run Behavior\BuildLiteBehavior [ RunTime:0.000022s ]
INFO: [ app_init ] --END-- [ RunTime:0.000523s ]

[ 2019-05-07T21:55:09+08:00 ] ::1 /index.php/Home/Servicemenu/videos1
INFO: [ app_init ] --START--
INFO: Run Behavior\BuildLiteBehavior [ RunTime:0.000021s ]
INFO: [ app_init ] --END-- [ RunTime:0.000603s ]

[ 2019-05-07T21:56:35+08:00 ] ::1 /index.php/Home/Servicemenu/videos1
INFO: [ app_init ] --START--
INFO: Run Behavior\BuildLiteBehavior [ RunTime:0.000035s ]
INFO: [ app_init ] --END-- [ RunTime:0.001962s ]

[ 2019-05-07T23:01:48+08:00 ] ::1 /index.php/Home/Servicemenu/videos1
INFO: [ app_init ] --START--
INFO: Run Behavior\BuildLiteBehavior [ RunTime:0.000014s ]
INFO: [ app_init ] --END-- [ RunTime:0.000367s ]

[ 2019-05-07T23:05:38+08:00 ] ::1 /index.php/Home/Servicemenu/videos1
INFO: [ app_init ] --START--
INFO: Run Behavior\BuildLiteBehavior [ RunTime:0.000017s ]
INFO: [ app_init ] --END-- [ RunTime:0.000575s ]

[ 2019-05-07T23:05:39+08:00 ] ::1 /index.php/Home/Servicemenu/videos1
INFO: [ app_init ] --START--
INFO: Run Behavior\BuildLiteBehavior [ RunTime:0.000021s ]
INFO: [ app_init ] --END-- [ RunTime:0.000580s ]

[ 2019-05-07T23:05:57+08:00 ] ::1 /index.php/Home/Servicemenu/videos1
INFO: [ app_init ] --START--
INFO: Run Behavior\BuildLiteBehavior [ RunTime:0.000016s ]
INFO: [ app_init ] --END-- [ RunTime:0.000428s ]

[ 2019-05-07T23:06:39+08:00 ] ::1 /index.php/Home/Servicemenu/videos1
INFO: [ app_init ] --START--
INFO: Run Behavior\BuildLiteBehavior [ RunTime:0.000023s ]
INFO: [ app_init ] --END-- [ RunTime:0.001033s ]

[ 2019-05-07T23:09:36+08:00 ] ::1 /index.php/Home/Servicemenu/videos1
INFO: [ app_init ] --START--
INFO: Run Behavior\BuildLiteBehavior [ RunTime:0.000013s ]
INFO: [ app_init ] --END-- [ RunTime:0.000375s ]

[ 2019-05-07T23:10:29+08:00 ] ::1 /index.php/Home/Servicemenu/videos1
INFO: [ app_init ] --START--
INFO: Run Behavior\BuildLiteBehavior [ RunTime:0.000012s ]
INFO: [ app_init ] --END-- [ RunTime:0.000326s ]

[ 2019-05-07T23:14:12+08:00 ] ::1 /index.php/Home/Servicemenu/videos1
INFO: [ app_init ] --START--
INFO: Run Behavior\BuildLiteBehavior [ RunTime:0.000015s ]
INFO: [ app_init ] --END-- [ RunTime:0.000426s ]

[ 2019-05-07T23:14:21+08:00 ] ::1 /index.php/Home/Servicemenu/videos1
INFO: [ app_init ] --START--
INFO: Run Behavior\BuildLiteBehavior [ RunTime:0.000014s ]
INFO: [ app_init ] --END-- [ RunTime:0.000368s ]

[ 2019-05-07T23:14:48+08:00 ] ::1 /index.php/Home/Servicemenu/videos1
INFO: [ app_init ] --START--
INFO: Run Behavior\BuildLiteBehavior [ RunTime:0.000020s ]
INFO: [ app_init ] --END-- [ RunTime:0.000444s ]

[ 2019-05-07T23:14:50+08:00 ] ::1 /index.php/Home/Servicemenu/videos1
INFO: [ app_init ] --START--
INFO: Run Behavior\BuildLiteBehavior [ RunTime:0.000012s ]
INFO: [ app_init ] --END-- [ RunTime:0.000338s ]

[ 2019-05-07T23:15:04+08:00 ] ::1 /index.php/Home/Servicemenu/videos1
INFO: [ app_init ] --START--
INFO: Run Behavior\BuildLiteBehavior [ RunTime:0.000023s ]
INFO: [ app_init ] --END-- [ RunTime:0.000765s ]

[ 2019-05-07T23:16:04+08:00 ] ::1 /index.php/Home/Servicemenu/videos1
INFO: [ app_init ] --START--
INFO: Run Behavior\BuildLiteBehavior [ RunTime:0.000019s ]
INFO: [ app_init ] --END-- [ RunTime:0.000796s ]

[ 2019-05-07T23:16:39+08:00 ] 192.168.2.103 /index.php/Home/Servicemenu/videos1
INFO: [ app_init ] --START--
INFO: Run Behavior\BuildLiteBehavior [ RunTime:0.000017s ]
INFO: [ app_init ] --END-- [ RunTime:0.000493s ]

[ 2019-05-07T23:17:00+08:00 ] 192.168.2.103 /index.php/Home/Servicemenu/videos1
INFO: [ app_init ] --START--
INFO: Run Behavior\BuildLiteBehavior [ RunTime:0.000010s ]
INFO: [ app_init ] --END-- [ RunTime:0.000322s ]

[ 2019-05-07T23:17:22+08:00 ] 192.168.2.103 /index.php/Home/Servicemenu/videos1
INFO: [ app_init ] --START--
INFO: Run Behavior\BuildLiteBehavior [ RunTime:0.000011s ]
INFO: [ app_init ] --END-- [ RunTime:0.000320s ]

[ 2019-05-07T23:17:30+08:00 ] 192.168.2.103 /index.php/Home/Servicemenu/videos1
INFO: [ app_init ] --START--
INFO: Run Behavior\BuildLiteBehavior [ RunTime:0.000012s ]
INFO: [ app_init ] --END-- [ RunTime:0.000322s ]

[ 2019-05-07T23:17:33+08:00 ] 192.168.2.103 /index.php/Home/Servicemenu/videos1
INFO: [ app_init ] --START--
INFO: Run Behavior\BuildLiteBehavior [ RunTime:0.000014s ]
INFO: [ app_init ] --END-- [ RunTime:0.000491s ]

[ 2019-05-07T23:20:24+08:00 ] ::1 /index.php/Home/Servicemenu/videos1
INFO: [ app_init ] --START--
INFO: Run Behavior\BuildLiteBehavior [ RunTime:0.000021s ]
INFO: [ app_init ] --END-- [ RunTime:0.000610s ]

[ 2019-05-07T23:22:03+08:00 ] ::1 /index.php/Home/Servicemenu/videos1
INFO: [ app_init ] --START--
INFO: Run Behavior\BuildLiteBehavior [ RunTime:0.000021s ]
INFO: [ app_init ] --END-- [ RunTime:0.000660s ]

[ 2019-05-07T23:23:33+08:00 ] ::1 /index.php/Home/Servicemenu/videos1
INFO: [ app_init ] --START--
INFO: Run Behavior\BuildLiteBehavior [ RunTime:0.000021s ]
INFO: [ app_init ] --END-- [ RunTime:0.000706s ]

[ 2019-05-07T23:25:26+08:00 ] ::1 /index.php/Home/Servicemenu/videos1
INFO: [ app_init ] --START--
INFO: Run Behavior\BuildLiteBehavior [ RunTime:0.000016s ]
INFO: [ app_init ] --END-- [ RunTime:0.000506s ]

[ 2019-05-07T23:25:37+08:00 ] ::1 /index.php/Home/Servicemenu/videos1
INFO: [ app_init ] --START--
INFO: Run Behavior\BuildLiteBehavior [ RunTime:0.000032s ]
INFO: [ app_init ] --END-- [ RunTime:0.000543s ]

[ 2019-05-07T23:25:39+08:00 ] ::1 /index.php/Home/Servicemenu/videos1
INFO: [ app_init ] --START--
INFO: Run Behavior\BuildLiteBehavior [ RunTime:0.000012s ]
INFO: [ app_init ] --END-- [ RunTime:0.000326s ]

[ 2019-05-07T23:25:51+08:00 ] ::1 /index.php/Home/Servicemenu/videos1
INFO: [ app_init ] --START--
INFO: Run Behavior\BuildLiteBehavior [ RunTime:0.000021s ]
INFO: [ app_init ] --END-- [ RunTime:0.000683s ]

[ 2019-05-07T23:26:50+08:00 ] ::1 /index.php/Home/Servicemenu/videos1
INFO: [ app_init ] --START--
INFO: Run Behavior\BuildLiteBehavior [ RunTime:0.000022s ]
INFO: [ app_init ] --END-- [ RunTime:0.000764s ]

[ 2019-05-07T23:26:57+08:00 ] ::1 /index.php/Home/Servicemenu/videos1
INFO: [ app_init ] --START--
INFO: Run Behavior\BuildLiteBehavior [ RunTime:0.000022s ]
INFO: [ app_init ] --END-- [ RunTime:0.000716s ]

[ 2019-05-07T23:29:05+08:00 ] ::1 /index.php/Home/Servicemenu/videos1
INFO: [ app_init ] --START--
INFO: Run Behavior\BuildLiteBehavior [ RunTime:0.000011s ]
INFO: [ app_init ] --END-- [ RunTime:0.000327s ]

[ 2019-05-07T23:29:36+08:00 ] 192.168.2.103 /index.php/Home/Servicemenu/videos1
INFO: [ app_init ] --START--
INFO: Run Behavior\BuildLiteBehavior [ RunTime:0.000011s ]
INFO: [ app_init ] --END-- [ RunTime:0.000322s ]

[ 2019-05-07T23:34:25+08:00 ] ::1 /index.php/Home/Brandstory/videos
INFO: [ app_init ] --START--
INFO: Run Behavior\BuildLiteBehavior [ RunTime:0.000037s ]
INFO: [ app_init ] --END-- [ RunTime:0.001007s ]

[ 2019-05-07T23:34:36+08:00 ] ::1 /index.php/Home/Servicemenu/videos1
INFO: [ app_init ] --START--
INFO: Run Behavior\BuildLiteBehavior [ RunTime:0.000039s ]
INFO: [ app_init ] --END-- [ RunTime:0.001135s ]

[ 2019-05-07T23:34:46+08:00 ] ::1 /index.php/Home/Servicemenu/videos1
INFO: [ app_init ] --START--
INFO: Run Behavior\BuildLiteBehavior [ RunTime:0.000039s ]
INFO: [ app_init ] --END-- [ RunTime:0.000765s ]

[ 2019-05-07T23:34:55+08:00 ] ::1 /index.php/Home/Servicemenu/videos1
INFO: [ app_init ] --START--
INFO: Run Behavior\BuildLiteBehavior [ RunTime:0.000033s ]
INFO: [ app_init ] --END-- [ RunTime:0.000585s ]

[ 2019-05-07T23:35:09+08:00 ] ::1 /index.php/Home/Servicemenu/videos1
INFO: [ app_init ] --START--
INFO: Run Behavior\BuildLiteBehavior [ RunTime:0.000039s ]
INFO: [ app_init ] --END-- [ RunTime:0.000569s ]

[ 2019-05-07T23:35:33+08:00 ] 192.168.2.103 /index.php/Home/Servicemenu/videos1
INFO: [ app_init ] --START--
INFO: Run Behavior\BuildLiteBehavior [ RunTime:0.000012s ]
INFO: [ app_init ] --END-- [ RunTime:0.000318s ]

