[ 2019-05-02T15:53:08+08:00 ] 192.168.2.105 /index.php/Home/ServiceMenu/videos.html
INFO: [ app_init ] --START--
INFO: Run Behavior\BuildLiteBehavior [ RunTime:0.000031s ]
INFO: [ app_init ] --END-- [ RunTime:0.002097s ]

[ 2019-05-02T15:57:02+08:00 ] ::1 /index.php/Home/ServiceMenu/videos
INFO: [ app_init ] --START--
INFO: Run Behavior\BuildLiteBehavior [ RunTime:0.000025s ]
INFO: [ app_init ] --END-- [ RunTime:0.000525s ]

[ 2019-05-02T15:57:03+08:00 ] ::1 /index.php/Home/ServiceMenu/videos
INFO: [ app_init ] --START--
INFO: Run Behavior\BuildLiteBehavior [ RunTime:0.000021s ]
INFO: [ app_init ] --END-- [ RunTime:0.000615s ]

[ 2019-05-02T16:03:50+08:00 ] ::1 /index.php/Home/ServiceMenu/videos
INFO: [ app_init ] --START--
INFO: Run Behavior\BuildLiteBehavior [ RunTime:0.000032s ]
INFO: [ app_init ] --END-- [ RunTime:0.000720s ]

[ 2019-05-02T16:03:50+08:00 ] ::1 /index.php/Home/ServiceMenu/videos
INFO: [ app_init ] --START--
INFO: Run Behavior\BuildLiteBehavior [ RunTime:0.000013s ]
INFO: [ app_init ] --END-- [ RunTime:0.000377s ]

[ 2019-05-02T16:04:45+08:00 ] ::1 /index.php/Home/ServiceMenu/videos
INFO: [ app_init ] --START--
INFO: Run Behavior\BuildLiteBehavior [ RunTime:0.000055s ]
INFO: [ app_init ] --END-- [ RunTime:0.000600s ]

[ 2019-05-02T16:04:45+08:00 ] ::1 /index.php/Home/ServiceMenu/videos
INFO: [ app_init ] --START--
INFO: Run Behavior\BuildLiteBehavior [ RunTime:0.000039s ]
INFO: [ app_init ] --END-- [ RunTime:0.000868s ]

[ 2019-05-02T16:04:58+08:00 ] ::1 /index.php/Home/ServiceMenu/videos
INFO: [ app_init ] --START--
INFO: Run Behavior\BuildLiteBehavior [ RunTime:0.000029s ]
INFO: [ app_init ] --END-- [ RunTime:0.000611s ]

[ 2019-05-02T16:04:58+08:00 ] ::1 /index.php/Home/ServiceMenu/videos
INFO: [ app_init ] --START--
INFO: Run Behavior\BuildLiteBehavior [ RunTime:0.000041s ]
INFO: [ app_init ] --END-- [ RunTime:0.000804s ]

[ 2019-05-02T16:05:26+08:00 ] ::1 /index.php/Home/ServiceMenu/videos
INFO: [ app_init ] --START--
INFO: Run Behavior\BuildLiteBehavior [ RunTime:0.000014s ]
INFO: [ app_init ] --END-- [ RunTime:0.000408s ]

[ 2019-05-02T16:05:26+08:00 ] ::1 /index.php/Home/ServiceMenu/videos
INFO: [ app_init ] --START--
INFO: Run Behavior\BuildLiteBehavior [ RunTime:0.000022s ]
INFO: [ app_init ] --END-- [ RunTime:0.000634s ]

[ 2019-05-02T16:06:09+08:00 ] ::1 /index.php/Home/ServiceMenu/videos
INFO: [ app_init ] --START--
INFO: Run Behavior\BuildLiteBehavior [ RunTime:0.000024s ]
INFO: [ app_init ] --END-- [ RunTime:0.000654s ]

[ 2019-05-02T16:06:09+08:00 ] ::1 /index.php/Home/ServiceMenu/videos
INFO: [ app_init ] --START--
INFO: Run Behavior\BuildLiteBehavior [ RunTime:0.000013s ]
INFO: [ app_init ] --END-- [ RunTime:0.000323s ]

[ 2019-05-02T16:08:05+08:00 ] ::1 /index.php/Home/ServiceMenu/videos
INFO: [ app_init ] --START--
INFO: Run Behavior\BuildLiteBehavior [ RunTime:0.000020s ]
INFO: [ app_init ] --END-- [ RunTime:0.000450s ]

[ 2019-05-02T16:08:05+08:00 ] ::1 /index.php/Home/ServiceMenu/videos
INFO: [ app_init ] --START--
INFO: Run Behavior\BuildLiteBehavior [ RunTime:0.000012s ]
INFO: [ app_init ] --END-- [ RunTime:0.000336s ]

[ 2019-05-02T16:08:37+08:00 ] 192.168.2.105 /index.php/Home/ServiceMenu/videos.html
INFO: [ app_init ] --START--
INFO: Run Behavior\BuildLiteBehavior [ RunTime:0.000029s ]
INFO: [ app_init ] --END-- [ RunTime:0.000592s ]

[ 2019-05-02T16:08:43+08:00 ] 192.168.2.105 /index.php/Home/ServiceMenu/videos.html
INFO: [ app_init ] --START--
INFO: Run Behavior\BuildLiteBehavior [ RunTime:0.000031s ]
INFO: [ app_init ] --END-- [ RunTime:0.000726s ]

[ 2019-05-02T16:08:50+08:00 ] 192.168.2.105 /index.php/Home/ServiceMenu/videos.html
INFO: [ app_init ] --START--
INFO: Run Behavior\BuildLiteBehavior [ RunTime:0.000011s ]
INFO: [ app_init ] --END-- [ RunTime:0.000325s ]

[ 2019-05-02T16:08:53+08:00 ] 192.168.2.105 /index.php/Home/ServiceMenu/videos.html
INFO: [ app_init ] --START--
INFO: Run Behavior\BuildLiteBehavior [ RunTime:0.000012s ]
INFO: [ app_init ] --END-- [ RunTime:0.000323s ]

[ 2019-05-02T16:09:14+08:00 ] 192.168.2.105 /index.php/Home/ServiceMenu/videos
INFO: [ app_init ] --START--
INFO: Run Behavior\BuildLiteBehavior [ RunTime:0.000014s ]
INFO: [ app_init ] --END-- [ RunTime:0.000431s ]

