[ 2019-05-09T20:43:25+08:00 ] ::1 /index.php/Home/Servicemenu/videos1
INFO: [ app_init ] --START--
INFO: Run Behavior\BuildLiteBehavior [ RunTime:0.000029s ]
INFO: [ app_init ] --END-- [ RunTime:0.002030s ]

[ 2019-05-09T20:45:31+08:00 ] ::1 /index.php/Home/Servicemenu/videos1
INFO: [ app_init ] --START--
INFO: Run Behavior\BuildLiteBehavior [ RunTime:0.000042s ]
INFO: [ app_init ] --END-- [ RunTime:0.001206s ]

[ 2019-05-09T21:23:29+08:00 ] ::1 /index.php/Home/Servicemenu/videos1
INFO: [ app_init ] --START--
INFO: Run Behavior\BuildLiteBehavior [ RunTime:0.000031s ]
INFO: [ app_init ] --END-- [ RunTime:0.000585s ]

[ 2019-05-09T21:23:30+08:00 ] ::1 /index.php/Home/Servicemenu/videos1
INFO: [ app_init ] --START--
INFO: Run Behavior\BuildLiteBehavior [ RunTime:0.000026s ]
INFO: [ app_init ] --END-- [ RunTime:0.000650s ]

[ 2019-05-09T21:24:58+08:00 ] ::1 /index.php/Home/Servicemenu/videos1
INFO: [ app_init ] --START--
INFO: Run Behavior\BuildLiteBehavior [ RunTime:0.000031s ]
INFO: [ app_init ] --END-- [ RunTime:0.000593s ]

[ 2019-05-09T21:25:39+08:00 ] ::1 /index.php/Home/Servicemenu/videos1
INFO: [ app_init ] --START--
INFO: Run Behavior\BuildLiteBehavior [ RunTime:0.000042s ]
INFO: [ app_init ] --END-- [ RunTime:0.001030s ]

[ 2019-05-09T21:26:12+08:00 ] ::1 /index.php/Home/Servicemenu/videos1
INFO: [ app_init ] --START--
INFO: Run Behavior\BuildLiteBehavior [ RunTime:0.000033s ]
INFO: [ app_init ] --END-- [ RunTime:0.000747s ]

[ 2019-05-09T21:29:01+08:00 ] ::1 /index.php/Home/Servicemenu/videos1
INFO: [ app_init ] --START--
INFO: Run Behavior\BuildLiteBehavior [ RunTime:0.000057s ]
INFO: [ app_init ] --END-- [ RunTime:0.000843s ]

[ 2019-05-09T21:29:06+08:00 ] ::1 /index.php/Home/Servicemenu/videos1
INFO: [ app_init ] --START--
INFO: Run Behavior\BuildLiteBehavior [ RunTime:0.000030s ]
INFO: [ app_init ] --END-- [ RunTime:0.000811s ]

[ 2019-05-09T21:29:21+08:00 ] ::1 /index.php/Home/Servicemenu/videos1
INFO: [ app_init ] --START--
INFO: Run Behavior\BuildLiteBehavior [ RunTime:0.000034s ]
INFO: [ app_init ] --END-- [ RunTime:0.001040s ]

[ 2019-05-09T21:29:44+08:00 ] ::1 /index.php/Home/Servicemenu/videos1
INFO: [ app_init ] --START--
INFO: Run Behavior\BuildLiteBehavior [ RunTime:0.000045s ]
INFO: [ app_init ] --END-- [ RunTime:0.000844s ]

[ 2019-05-09T21:31:05+08:00 ] ::1 /index.php/Home/Servicemenu/videos1
INFO: [ app_init ] --START--
INFO: Run Behavior\BuildLiteBehavior [ RunTime:0.000012s ]
INFO: [ app_init ] --END-- [ RunTime:0.000340s ]

[ 2019-05-09T21:31:41+08:00 ] ::1 /index.php/Home/Servicemenu/videos1
INFO: [ app_init ] --START--
INFO: Run Behavior\BuildLiteBehavior [ RunTime:0.000022s ]
INFO: [ app_init ] --END-- [ RunTime:0.000970s ]

[ 2019-05-09T21:32:29+08:00 ] ::1 /index.php/Home/Servicemenu/videos1
INFO: [ app_init ] --START--
INFO: Run Behavior\BuildLiteBehavior [ RunTime:0.000026s ]
INFO: [ app_init ] --END-- [ RunTime:0.000485s ]

[ 2019-05-09T21:34:26+08:00 ] ::1 /index.php/Home/Servicemenu/videos1
INFO: [ app_init ] --START--
INFO: Run Behavior\BuildLiteBehavior [ RunTime:0.000016s ]
INFO: [ app_init ] --END-- [ RunTime:0.000506s ]

[ 2019-05-09T21:36:19+08:00 ] ::1 /index.php/Home/Servicemenu/videos1
INFO: [ app_init ] --START--
INFO: Run Behavior\BuildLiteBehavior [ RunTime:0.000016s ]
INFO: [ app_init ] --END-- [ RunTime:0.000459s ]

[ 2019-05-09T21:36:30+08:00 ] ::1 /index.php/Home/Servicemenu/videos1
INFO: [ app_init ] --START--
INFO: Run Behavior\BuildLiteBehavior [ RunTime:0.000014s ]
INFO: [ app_init ] --END-- [ RunTime:0.000395s ]

[ 2019-05-09T21:36:49+08:00 ] ::1 /index.php/Home/Servicemenu/videos1
INFO: [ app_init ] --START--
INFO: Run Behavior\BuildLiteBehavior [ RunTime:0.000015s ]
INFO: [ app_init ] --END-- [ RunTime:0.000533s ]

[ 2019-05-09T21:38:19+08:00 ] ::1 /index.php/Home/Servicemenu/videos1
INFO: [ app_init ] --START--
INFO: Run Behavior\BuildLiteBehavior [ RunTime:0.000070s ]
INFO: [ app_init ] --END-- [ RunTime:0.002254s ]

[ 2019-05-09T21:38:20+08:00 ] ::1 /index.php/Home/Servicemenu/videos1
INFO: [ app_init ] --START--
INFO: Run Behavior\BuildLiteBehavior [ RunTime:0.000012s ]
INFO: [ app_init ] --END-- [ RunTime:0.000324s ]

[ 2019-05-09T21:38:21+08:00 ] ::1 /index.php/Home/Servicemenu/videos1
INFO: [ app_init ] --START--
INFO: Run Behavior\BuildLiteBehavior [ RunTime:0.000025s ]
INFO: [ app_init ] --END-- [ RunTime:0.000723s ]

[ 2019-05-09T21:39:14+08:00 ] ::1 /index.php/Home/Servicemenu/videos1
INFO: [ app_init ] --START--
INFO: Run Behavior\BuildLiteBehavior [ RunTime:0.000012s ]
INFO: [ app_init ] --END-- [ RunTime:0.000329s ]

[ 2019-05-09T21:39:15+08:00 ] ::1 /index.php/Home/Servicemenu/videos1
INFO: [ app_init ] --START--
INFO: Run Behavior\BuildLiteBehavior [ RunTime:0.000011s ]
INFO: [ app_init ] --END-- [ RunTime:0.000346s ]

[ 2019-05-09T21:39:26+08:00 ] ::1 /index.php/Home/Servicemenu/videos1
INFO: [ app_init ] --START--
INFO: Run Behavior\BuildLiteBehavior [ RunTime:0.000025s ]
INFO: [ app_init ] --END-- [ RunTime:0.000586s ]

[ 2019-05-09T21:39:27+08:00 ] ::1 /index.php/Home/Servicemenu/videos1
INFO: [ app_init ] --START--
INFO: Run Behavior\BuildLiteBehavior [ RunTime:0.000018s ]
INFO: [ app_init ] --END-- [ RunTime:0.000394s ]

[ 2019-05-09T21:39:43+08:00 ] ::1 /index.php/Home/Servicemenu/videos1
INFO: [ app_init ] --START--
INFO: Run Behavior\BuildLiteBehavior [ RunTime:0.000025s ]
INFO: [ app_init ] --END-- [ RunTime:0.000696s ]

[ 2019-05-09T21:41:09+08:00 ] ::1 /index.php/Home/Servicemenu/videos1
INFO: [ app_init ] --START--
INFO: Run Behavior\BuildLiteBehavior [ RunTime:0.000028s ]
INFO: [ app_init ] --END-- [ RunTime:0.000738s ]

[ 2019-05-09T21:42:00+08:00 ] ::1 /index.php/Home/Servicemenu/videos1
INFO: [ app_init ] --START--
INFO: Run Behavior\BuildLiteBehavior [ RunTime:0.000012s ]
INFO: [ app_init ] --END-- [ RunTime:0.000331s ]

[ 2019-05-09T21:42:18+08:00 ] ::1 /index.php/Home/Servicemenu/videos1
INFO: [ app_init ] --START--
INFO: Run Behavior\BuildLiteBehavior [ RunTime:0.000012s ]
INFO: [ app_init ] --END-- [ RunTime:0.000329s ]

[ 2019-05-09T21:50:40+08:00 ] ::1 /index.php/Home/Servicemenu/videos1
INFO: [ app_init ] --START--
INFO: Run Behavior\BuildLiteBehavior [ RunTime:0.000046s ]
INFO: [ app_init ] --END-- [ RunTime:0.000796s ]

[ 2019-05-09T21:50:53+08:00 ] ::1 /index.php/Home/Servicemenu/videos1
INFO: [ app_init ] --START--
INFO: Run Behavior\BuildLiteBehavior [ RunTime:0.000012s ]
INFO: [ app_init ] --END-- [ RunTime:0.000358s ]

[ 2019-05-09T21:51:36+08:00 ] ::1 /index.php/Home/Servicemenu/videos1
INFO: [ app_init ] --START--
INFO: Run Behavior\BuildLiteBehavior [ RunTime:0.000015s ]
INFO: [ app_init ] --END-- [ RunTime:0.000428s ]

[ 2019-05-09T21:51:45+08:00 ] ::1 /index.php/Home/Servicemenu/videos1
INFO: [ app_init ] --START--
INFO: Run Behavior\BuildLiteBehavior [ RunTime:0.000013s ]
INFO: [ app_init ] --END-- [ RunTime:0.000339s ]

[ 2019-05-09T21:53:35+08:00 ] ::1 /index.php/Home/Servicemenu/videos1
INFO: [ app_init ] --START--
INFO: Run Behavior\BuildLiteBehavior [ RunTime:0.000019s ]
INFO: [ app_init ] --END-- [ RunTime:0.000565s ]

[ 2019-05-09T21:53:40+08:00 ] ::1 /index.php/Home/Servicemenu/videos1
INFO: [ app_init ] --START--
INFO: Run Behavior\BuildLiteBehavior [ RunTime:0.000018s ]
INFO: [ app_init ] --END-- [ RunTime:0.000478s ]

[ 2019-05-09T21:53:41+08:00 ] ::1 /index.php/Home/Servicemenu/videos1
INFO: [ app_init ] --START--
INFO: Run Behavior\BuildLiteBehavior [ RunTime:0.000015s ]
INFO: [ app_init ] --END-- [ RunTime:0.000399s ]

[ 2019-05-09T21:54:46+08:00 ] ::1 /index.php/Home/Servicemenu/videos1
INFO: [ app_init ] --START--
INFO: Run Behavior\BuildLiteBehavior [ RunTime:0.000016s ]
INFO: [ app_init ] --END-- [ RunTime:0.000506s ]

[ 2019-05-09T21:55:24+08:00 ] ::1 /index.php/Home/Servicemenu/videos1
INFO: [ app_init ] --START--
INFO: Run Behavior\BuildLiteBehavior [ RunTime:0.000013s ]
INFO: [ app_init ] --END-- [ RunTime:0.000371s ]

[ 2019-05-09T21:55:58+08:00 ] ::1 /index.php/Home/Servicemenu/videos1
INFO: [ app_init ] --START--
INFO: Run Behavior\BuildLiteBehavior [ RunTime:0.000028s ]
INFO: [ app_init ] --END-- [ RunTime:0.000971s ]

[ 2019-05-09T21:56:16+08:00 ] ::1 /index.php/Home/Servicemenu/videos1
INFO: [ app_init ] --START--
INFO: Run Behavior\BuildLiteBehavior [ RunTime:0.000023s ]
INFO: [ app_init ] --END-- [ RunTime:0.000792s ]

[ 2019-05-09T21:56:17+08:00 ] ::1 /index.php/Home/Servicemenu/videos1
INFO: [ app_init ] --START--
INFO: Run Behavior\BuildLiteBehavior [ RunTime:0.000021s ]
INFO: [ app_init ] --END-- [ RunTime:0.000563s ]

[ 2019-05-09T21:56:21+08:00 ] ::1 /index.php/Home/Servicemenu/videos1
INFO: [ app_init ] --START--
INFO: Run Behavior\BuildLiteBehavior [ RunTime:0.000031s ]
INFO: [ app_init ] --END-- [ RunTime:0.001260s ]

[ 2019-05-09T21:56:22+08:00 ] ::1 /index.php/Home/Servicemenu/videos1
INFO: [ app_init ] --START--
INFO: Run Behavior\BuildLiteBehavior [ RunTime:0.000012s ]
INFO: [ app_init ] --END-- [ RunTime:0.000351s ]

[ 2019-05-09T21:56:35+08:00 ] ::1 /index.php/Home/Servicemenu/videos1
INFO: [ app_init ] --START--
INFO: Run Behavior\BuildLiteBehavior [ RunTime:0.000037s ]
INFO: [ app_init ] --END-- [ RunTime:0.000481s ]

[ 2019-05-09T21:57:56+08:00 ] ::1 /index.php/Home/Servicemenu/videos1
INFO: [ app_init ] --START--
INFO: Run Behavior\BuildLiteBehavior [ RunTime:0.000017s ]
INFO: [ app_init ] --END-- [ RunTime:0.000603s ]

[ 2019-05-09T22:04:34+08:00 ] ::1 /index.php/Home/Servicemenu/videos1
INFO: [ app_init ] --START--
INFO: Run Behavior\BuildLiteBehavior [ RunTime:0.000012s ]
INFO: [ app_init ] --END-- [ RunTime:0.000354s ]

[ 2019-05-09T22:06:00+08:00 ] ::1 /index.php/Home/Servicemenu/videos1
INFO: [ app_init ] --START--
INFO: Run Behavior\BuildLiteBehavior [ RunTime:0.000014s ]
INFO: [ app_init ] --END-- [ RunTime:0.000381s ]

[ 2019-05-09T22:06:10+08:00 ] ::1 /index.php/Home/Servicemenu/videos1
INFO: [ app_init ] --START--
INFO: Run Behavior\BuildLiteBehavior [ RunTime:0.000015s ]
INFO: [ app_init ] --END-- [ RunTime:0.000583s ]

[ 2019-05-09T22:08:11+08:00 ] 192.168.2.106 /index.php/Home/Servicemenu/videos
INFO: [ app_init ] --START--
INFO: Run Behavior\BuildLiteBehavior [ RunTime:0.000013s ]
INFO: [ app_init ] --END-- [ RunTime:0.000371s ]

[ 2019-05-09T22:08:12+08:00 ] 192.168.2.106 /index.php/Home/Servicemenu/videos
INFO: [ app_init ] --START--
INFO: Run Behavior\BuildLiteBehavior [ RunTime:0.000014s ]
INFO: [ app_init ] --END-- [ RunTime:0.000412s ]

[ 2019-05-09T22:08:53+08:00 ] ::1 /index.php/Home/Servicemenu/videos1
INFO: [ app_init ] --START--
INFO: Run Behavior\BuildLiteBehavior [ RunTime:0.000011s ]
INFO: [ app_init ] --END-- [ RunTime:0.000344s ]

[ 2019-05-09T22:22:24+08:00 ] ::1 /index.php/Home/Servicemenu/videos1
INFO: [ app_init ] --START--
INFO: Run Behavior\BuildLiteBehavior [ RunTime:0.000025s ]
INFO: [ app_init ] --END-- [ RunTime:0.000450s ]

[ 2019-05-09T22:22:53+08:00 ] ::1 /index.php/Home/Servicemenu/videos1
INFO: [ app_init ] --START--
INFO: Run Behavior\BuildLiteBehavior [ RunTime:0.000019s ]
INFO: [ app_init ] --END-- [ RunTime:0.000591s ]

[ 2019-05-09T22:23:02+08:00 ] ::1 /index.php/Home/Servicemenu/videos1
INFO: [ app_init ] --START--
INFO: Run Behavior\BuildLiteBehavior [ RunTime:0.000025s ]
INFO: [ app_init ] --END-- [ RunTime:0.000989s ]

[ 2019-05-09T22:25:38+08:00 ] ::1 /index.php/Home/Servicemenu/videos1
INFO: [ app_init ] --START--
INFO: Run Behavior\BuildLiteBehavior [ RunTime:0.000024s ]
INFO: [ app_init ] --END-- [ RunTime:0.000796s ]

[ 2019-05-09T22:26:05+08:00 ] ::1 /index.php/Home/Servicemenu/videos1
INFO: [ app_init ] --START--
INFO: Run Behavior\BuildLiteBehavior [ RunTime:0.000012s ]
INFO: [ app_init ] --END-- [ RunTime:0.000337s ]

[ 2019-05-09T22:29:30+08:00 ] ::1 /index.php/Home/Servicemenu/videos1
INFO: [ app_init ] --START--
INFO: Run Behavior\BuildLiteBehavior [ RunTime:0.000021s ]
INFO: [ app_init ] --END-- [ RunTime:0.000539s ]

[ 2019-05-09T22:30:36+08:00 ] ::1 /index.php/Home/Servicemenu/videos1
INFO: [ app_init ] --START--
INFO: Run Behavior\BuildLiteBehavior [ RunTime:0.000024s ]
INFO: [ app_init ] --END-- [ RunTime:0.000586s ]

[ 2019-05-09T22:31:13+08:00 ] ::1 /index.php/Home/Servicemenu/videos1
INFO: [ app_init ] --START--
INFO: Run Behavior\BuildLiteBehavior [ RunTime:0.000014s ]
INFO: [ app_init ] --END-- [ RunTime:0.000416s ]

[ 2019-05-09T22:35:41+08:00 ] ::1 /index.php/Home/Servicemenu/videos1
INFO: [ app_init ] --START--
INFO: Run Behavior\BuildLiteBehavior [ RunTime:0.000020s ]
INFO: [ app_init ] --END-- [ RunTime:0.000586s ]

[ 2019-05-09T22:36:31+08:00 ] ::1 /index.php/Home/Servicemenu/videos1
INFO: [ app_init ] --START--
INFO: Run Behavior\BuildLiteBehavior [ RunTime:0.000022s ]
INFO: [ app_init ] --END-- [ RunTime:0.000596s ]

[ 2019-05-09T22:37:09+08:00 ] ::1 /index.php/Home/Servicemenu/videos1
INFO: [ app_init ] --START--
INFO: Run Behavior\BuildLiteBehavior [ RunTime:0.000017s ]
INFO: [ app_init ] --END-- [ RunTime:0.000587s ]

[ 2019-05-09T22:38:03+08:00 ] ::1 /index.php/Home/Servicemenu/videos1
INFO: [ app_init ] --START--
INFO: Run Behavior\BuildLiteBehavior [ RunTime:0.000013s ]
INFO: [ app_init ] --END-- [ RunTime:0.000358s ]

[ 2019-05-09T22:38:52+08:00 ] ::1 /index.php/Home/Servicemenu/videos1
INFO: [ app_init ] --START--
INFO: Run Behavior\BuildLiteBehavior [ RunTime:0.000023s ]
INFO: [ app_init ] --END-- [ RunTime:0.000814s ]

[ 2019-05-09T22:39:15+08:00 ] ::1 /index.php/Home/Servicemenu/videos1
INFO: [ app_init ] --START--
INFO: Run Behavior\BuildLiteBehavior [ RunTime:0.000013s ]
INFO: [ app_init ] --END-- [ RunTime:0.000341s ]

[ 2019-05-09T22:39:19+08:00 ] ::1 /index.php/Home/Servicemenu/videos1
INFO: [ app_init ] --START--
INFO: Run Behavior\BuildLiteBehavior [ RunTime:0.000024s ]
INFO: [ app_init ] --END-- [ RunTime:0.000565s ]

[ 2019-05-09T22:39:59+08:00 ] ::1 /index.php/Home/Servicemenu/videos1
INFO: [ app_init ] --START--
INFO: Run Behavior\BuildLiteBehavior [ RunTime:0.000014s ]
INFO: [ app_init ] --END-- [ RunTime:0.000372s ]

[ 2019-05-09T22:40:08+08:00 ] ::1 /index.php/Home/Servicemenu/videos1
INFO: [ app_init ] --START--
INFO: Run Behavior\BuildLiteBehavior [ RunTime:0.000022s ]
INFO: [ app_init ] --END-- [ RunTime:0.000410s ]

[ 2019-05-09T22:40:13+08:00 ] ::1 /index.php/Home/Servicemenu/videos1
INFO: [ app_init ] --START--
INFO: Run Behavior\BuildLiteBehavior [ RunTime:0.000024s ]
INFO: [ app_init ] --END-- [ RunTime:0.000700s ]

[ 2019-05-09T22:40:23+08:00 ] ::1 /index.php/Home/Servicemenu/videos1
INFO: [ app_init ] --START--
INFO: Run Behavior\BuildLiteBehavior [ RunTime:0.000029s ]
INFO: [ app_init ] --END-- [ RunTime:0.001324s ]

[ 2019-05-09T22:40:32+08:00 ] ::1 /index.php/Home/Servicemenu/videos1
INFO: [ app_init ] --START--
INFO: Run Behavior\BuildLiteBehavior [ RunTime:0.000015s ]
INFO: [ app_init ] --END-- [ RunTime:0.000423s ]

[ 2019-05-09T22:41:00+08:00 ] ::1 /index.php/Home/Servicemenu/videos1
INFO: [ app_init ] --START--
INFO: Run Behavior\BuildLiteBehavior [ RunTime:0.000022s ]
INFO: [ app_init ] --END-- [ RunTime:0.001007s ]

[ 2019-05-09T22:41:22+08:00 ] ::1 /index.php/Home/Servicemenu/videos1
INFO: [ app_init ] --START--
INFO: Run Behavior\BuildLiteBehavior [ RunTime:0.000024s ]
INFO: [ app_init ] --END-- [ RunTime:0.002964s ]

[ 2019-05-09T22:41:26+08:00 ] ::1 /index.php/Home/Servicemenu/videos1
INFO: [ app_init ] --START--
INFO: Run Behavior\BuildLiteBehavior [ RunTime:0.000015s ]
INFO: [ app_init ] --END-- [ RunTime:0.000421s ]

[ 2019-05-09T22:45:34+08:00 ] 192.168.2.106 /index.php/Home/Servicemenu/videos1
INFO: [ app_init ] --START--
INFO: Run Behavior\BuildLiteBehavior [ RunTime:0.000018s ]
INFO: [ app_init ] --END-- [ RunTime:0.000805s ]

[ 2019-05-09T22:52:51+08:00 ] ::1 /index.php/Home/Servicemenu/videos1
INFO: [ app_init ] --START--
INFO: Run Behavior\BuildLiteBehavior [ RunTime:0.000036s ]
INFO: [ app_init ] --END-- [ RunTime:0.001374s ]

[ 2019-05-09T22:56:25+08:00 ] ::1 /index.php/Home/Servicemenu/videos1
INFO: [ app_init ] --START--
INFO: Run Behavior\BuildLiteBehavior [ RunTime:0.000024s ]
INFO: [ app_init ] --END-- [ RunTime:0.000706s ]

[ 2019-05-09T22:56:27+08:00 ] ::1 /index.php/Home/Servicemenu/videos1
INFO: [ app_init ] --START--
INFO: Run Behavior\BuildLiteBehavior [ RunTime:0.000025s ]
INFO: [ app_init ] --END-- [ RunTime:0.000725s ]

[ 2019-05-09T22:56:43+08:00 ] ::1 /index.php/Home/Servicemenu/videos1
INFO: [ app_init ] --START--
INFO: Run Behavior\BuildLiteBehavior [ RunTime:0.000031s ]
INFO: [ app_init ] --END-- [ RunTime:0.001046s ]

[ 2019-05-09T22:57:00+08:00 ] ::1 /index.php/Home/Servicemenu/videos1
INFO: [ app_init ] --START--
INFO: Run Behavior\BuildLiteBehavior [ RunTime:0.000103s ]
INFO: [ app_init ] --END-- [ RunTime:0.001739s ]

[ 2019-05-09T22:57:49+08:00 ] ::1 /index.php/Home/Servicemenu/videos1
INFO: [ app_init ] --START--
INFO: Run Behavior\BuildLiteBehavior [ RunTime:0.000026s ]
INFO: [ app_init ] --END-- [ RunTime:0.000708s ]

[ 2019-05-09T22:58:17+08:00 ] ::1 /index.php/Home/Servicemenu/videos1
INFO: [ app_init ] --START--
INFO: Run Behavior\BuildLiteBehavior [ RunTime:0.000091s ]
INFO: [ app_init ] --END-- [ RunTime:0.001604s ]

[ 2019-05-09T22:58:31+08:00 ] ::1 /index.php/Home/Servicemenu/videos1
INFO: [ app_init ] --START--
INFO: Run Behavior\BuildLiteBehavior [ RunTime:0.008857s ]
INFO: [ app_init ] --END-- [ RunTime:0.011694s ]

[ 2019-05-09T22:58:59+08:00 ] ::1 /index.php/Home/Servicemenu/videos1
INFO: [ app_init ] --START--
INFO: Run Behavior\BuildLiteBehavior [ RunTime:0.000034s ]
INFO: [ app_init ] --END-- [ RunTime:0.000870s ]

[ 2019-05-09T22:59:04+08:00 ] ::1 /index.php/Home/Servicemenu/videos1
INFO: [ app_init ] --START--
INFO: Run Behavior\BuildLiteBehavior [ RunTime:0.000039s ]
INFO: [ app_init ] --END-- [ RunTime:0.001452s ]

[ 2019-05-09T22:59:09+08:00 ] 192.168.2.106 /index.php/Home/Servicemenu/videos1
INFO: [ app_init ] --START--
INFO: Run Behavior\BuildLiteBehavior [ RunTime:0.000025s ]
INFO: [ app_init ] --END-- [ RunTime:0.000801s ]

[ 2019-05-09T22:59:21+08:00 ] 192.168.2.106 /index.php/Home/Servicemenu/videos1
INFO: [ app_init ] --START--
INFO: Run Behavior\BuildLiteBehavior [ RunTime:0.000053s ]
INFO: [ app_init ] --END-- [ RunTime:0.001012s ]

[ 2019-05-09T22:59:56+08:00 ] 192.168.2.106 /index.php/Home/Servicemenu/videos1
INFO: [ app_init ] --START--
INFO: Run Behavior\BuildLiteBehavior [ RunTime:0.000024s ]
INFO: [ app_init ] --END-- [ RunTime:0.000670s ]

[ 2019-05-09T23:04:16+08:00 ] ::1 /index.php/Home/Servicemenu/videos1
INFO: [ app_init ] --START--
INFO: Run Behavior\BuildLiteBehavior [ RunTime:0.000015s ]
INFO: [ app_init ] --END-- [ RunTime:0.000416s ]

[ 2019-05-09T23:04:19+08:00 ] ::1 /index.php/Home/Servicemenu/videos1
INFO: [ app_init ] --START--
INFO: Run Behavior\BuildLiteBehavior [ RunTime:0.000012s ]
INFO: [ app_init ] --END-- [ RunTime:0.000332s ]

[ 2019-05-09T23:04:53+08:00 ] ::1 /index.php/Home/Servicemenu/videos1
INFO: [ app_init ] --START--
INFO: Run Behavior\BuildLiteBehavior [ RunTime:0.000015s ]
INFO: [ app_init ] --END-- [ RunTime:0.000475s ]

[ 2019-05-09T23:05:05+08:00 ] ::1 /index.php/Home/Servicemenu/videos1
INFO: [ app_init ] --START--
INFO: Run Behavior\BuildLiteBehavior [ RunTime:0.000015s ]
INFO: [ app_init ] --END-- [ RunTime:0.000396s ]

[ 2019-05-09T23:06:13+08:00 ] ::1 /index.php/Home/Servicemenu/videos1
INFO: [ app_init ] --START--
INFO: Run Behavior\BuildLiteBehavior [ RunTime:0.000013s ]
INFO: [ app_init ] --END-- [ RunTime:0.000554s ]

[ 2019-05-09T23:06:14+08:00 ] ::1 /index.php/Home/Servicemenu/videos1
INFO: [ app_init ] --START--
INFO: Run Behavior\BuildLiteBehavior [ RunTime:0.000024s ]
INFO: [ app_init ] --END-- [ RunTime:0.000620s ]

[ 2019-05-09T23:06:15+08:00 ] ::1 /index.php/Home/Servicemenu/videos1
INFO: [ app_init ] --START--
INFO: Run Behavior\BuildLiteBehavior [ RunTime:0.000013s ]
INFO: [ app_init ] --END-- [ RunTime:0.000345s ]

[ 2019-05-09T23:06:23+08:00 ] ::1 /index.php/Home/Servicemenu/videos1
INFO: [ app_init ] --START--
INFO: Run Behavior\BuildLiteBehavior [ RunTime:0.000011s ]
INFO: [ app_init ] --END-- [ RunTime:0.000328s ]

[ 2019-05-09T23:07:07+08:00 ] ::1 /index.php/Home/Servicemenu/videos1
INFO: [ app_init ] --START--
INFO: Run Behavior\BuildLiteBehavior [ RunTime:0.000012s ]
INFO: [ app_init ] --END-- [ RunTime:0.000356s ]

[ 2019-05-09T23:07:09+08:00 ] ::1 /index.php/Home/Servicemenu/videos1
INFO: [ app_init ] --START--
INFO: Run Behavior\BuildLiteBehavior [ RunTime:0.000025s ]
INFO: [ app_init ] --END-- [ RunTime:0.001022s ]

[ 2019-05-09T23:07:10+08:00 ] ::1 /index.php/Home/Servicemenu/videos1
INFO: [ app_init ] --START--
INFO: Run Behavior\BuildLiteBehavior [ RunTime:0.000018s ]
INFO: [ app_init ] --END-- [ RunTime:0.000667s ]

[ 2019-05-09T23:07:18+08:00 ] ::1 /index.php/Home/Servicemenu/videos1
INFO: [ app_init ] --START--
INFO: Run Behavior\BuildLiteBehavior [ RunTime:0.000012s ]
INFO: [ app_init ] --END-- [ RunTime:0.000319s ]

[ 2019-05-09T23:07:43+08:00 ] ::1 /index.php/Home/Servicemenu/videos1
INFO: [ app_init ] --START--
INFO: Run Behavior\BuildLiteBehavior [ RunTime:0.000025s ]
INFO: [ app_init ] --END-- [ RunTime:0.001104s ]

[ 2019-05-09T23:07:44+08:00 ] ::1 /index.php/Home/Servicemenu/videos1
INFO: [ app_init ] --START--
INFO: Run Behavior\BuildLiteBehavior [ RunTime:0.000024s ]
INFO: [ app_init ] --END-- [ RunTime:0.001452s ]

[ 2019-05-09T23:07:53+08:00 ] ::1 /index.php/Home/Servicemenu/videos1
INFO: [ app_init ] --START--
INFO: Run Behavior\BuildLiteBehavior [ RunTime:0.000011s ]
INFO: [ app_init ] --END-- [ RunTime:0.000318s ]

[ 2019-05-09T23:08:18+08:00 ] ::1 /index.php/Home/Servicemenu/videos1
INFO: [ app_init ] --START--
INFO: Run Behavior\BuildLiteBehavior [ RunTime:0.000012s ]
INFO: [ app_init ] --END-- [ RunTime:0.000329s ]

[ 2019-05-09T23:08:19+08:00 ] ::1 /index.php/Home/Servicemenu/videos1
INFO: [ app_init ] --START--
INFO: Run Behavior\BuildLiteBehavior [ RunTime:0.000013s ]
INFO: [ app_init ] --END-- [ RunTime:0.000356s ]

[ 2019-05-09T23:08:27+08:00 ] ::1 /index.php/Home/Servicemenu/videos1
INFO: [ app_init ] --START--
INFO: Run Behavior\BuildLiteBehavior [ RunTime:0.000014s ]
INFO: [ app_init ] --END-- [ RunTime:0.000360s ]

[ 2019-05-09T23:08:37+08:00 ] 192.168.2.106 /index.php/Home/Servicemenu/videos1
INFO: [ app_init ] --START--
INFO: Run Behavior\BuildLiteBehavior [ RunTime:0.000015s ]
INFO: [ app_init ] --END-- [ RunTime:0.000553s ]

[ 2019-05-09T23:11:09+08:00 ] ::1 /index.php/Home/Servicemenu/videos1
INFO: [ app_init ] --START--
INFO: Run Behavior\BuildLiteBehavior [ RunTime:0.000025s ]
INFO: [ app_init ] --END-- [ RunTime:0.000580s ]

[ 2019-05-09T23:11:11+08:00 ] ::1 /index.php/Home/Servicemenu/videos1
INFO: [ app_init ] --START--
INFO: Run Behavior\BuildLiteBehavior [ RunTime:0.000029s ]
INFO: [ app_init ] --END-- [ RunTime:0.001427s ]

[ 2019-05-09T23:11:14+08:00 ] ::1 /index.php/Home/Servicemenu/videos1
INFO: [ app_init ] --START--
INFO: Run Behavior\BuildLiteBehavior [ RunTime:0.000017s ]
INFO: [ app_init ] --END-- [ RunTime:0.000447s ]

[ 2019-05-09T23:11:22+08:00 ] ::1 /index.php/Home/Servicemenu/videos1
INFO: [ app_init ] --START--
INFO: Run Behavior\BuildLiteBehavior [ RunTime:0.000026s ]
INFO: [ app_init ] --END-- [ RunTime:0.000461s ]

[ 2019-05-09T23:12:26+08:00 ] ::1 /index.php/Home/Servicemenu/videos1
INFO: [ app_init ] --START--
INFO: Run Behavior\BuildLiteBehavior [ RunTime:0.000018s ]
INFO: [ app_init ] --END-- [ RunTime:0.000420s ]

[ 2019-05-09T23:12:35+08:00 ] ::1 /index.php/Home/Servicemenu/videos1
INFO: [ app_init ] --START--
INFO: Run Behavior\BuildLiteBehavior [ RunTime:0.000014s ]
INFO: [ app_init ] --END-- [ RunTime:0.000446s ]

[ 2019-05-09T23:13:16+08:00 ] ::1 /index.php/Home/Servicemenu/videos1
INFO: [ app_init ] --START--
INFO: Run Behavior\BuildLiteBehavior [ RunTime:0.000027s ]
INFO: [ app_init ] --END-- [ RunTime:0.000588s ]

[ 2019-05-09T23:13:40+08:00 ] ::1 /index.php/Home/Servicemenu/videos1
INFO: [ app_init ] --START--
INFO: Run Behavior\BuildLiteBehavior [ RunTime:0.000017s ]
INFO: [ app_init ] --END-- [ RunTime:0.000680s ]

[ 2019-05-09T23:14:23+08:00 ] 192.168.2.106 /index.php/Home/Servicemenu/videos1
INFO: [ app_init ] --START--
INFO: Run Behavior\BuildLiteBehavior [ RunTime:0.000012s ]
INFO: [ app_init ] --END-- [ RunTime:0.000324s ]

[ 2019-05-09T23:16:13+08:00 ] ::1 /index.php/Home/Servicemenu/videos1
INFO: [ app_init ] --START--
INFO: Run Behavior\BuildLiteBehavior [ RunTime:0.000030s ]
INFO: [ app_init ] --END-- [ RunTime:0.000564s ]

[ 2019-05-09T23:16:15+08:00 ] ::1 /index.php/Home/Servicemenu/videos1
INFO: [ app_init ] --START--
INFO: Run Behavior\BuildLiteBehavior [ RunTime:0.000015s ]
INFO: [ app_init ] --END-- [ RunTime:0.000420s ]

[ 2019-05-09T23:16:24+08:00 ] ::1 /index.php/Home/Servicemenu/videos1
INFO: [ app_init ] --START--
INFO: Run Behavior\BuildLiteBehavior [ RunTime:0.000016s ]
INFO: [ app_init ] --END-- [ RunTime:0.000541s ]

[ 2019-05-09T23:21:09+08:00 ] ::1 /index.php/Home/Servicemenu/videos1
INFO: [ app_init ] --START--
INFO: Run Behavior\BuildLiteBehavior [ RunTime:0.000013s ]
INFO: [ app_init ] --END-- [ RunTime:0.000383s ]

[ 2019-05-09T23:21:11+08:00 ] ::1 /index.php/Home/Servicemenu/videos1
INFO: [ app_init ] --START--
INFO: Run Behavior\BuildLiteBehavior [ RunTime:0.000013s ]
INFO: [ app_init ] --END-- [ RunTime:0.000453s ]

[ 2019-05-09T23:21:20+08:00 ] ::1 /index.php/Home/Servicemenu/videos1
INFO: [ app_init ] --START--
INFO: Run Behavior\BuildLiteBehavior [ RunTime:0.000012s ]
INFO: [ app_init ] --END-- [ RunTime:0.000333s ]

[ 2019-05-09T23:23:53+08:00 ] ::1 /index.php/Home/Servicemenu/videos1
INFO: [ app_init ] --START--
INFO: Run Behavior\BuildLiteBehavior [ RunTime:0.000014s ]
INFO: [ app_init ] --END-- [ RunTime:0.000388s ]

[ 2019-05-09T23:23:58+08:00 ] 192.168.2.106 /index.php/Home/Servicemenu/videos1
INFO: [ app_init ] --START--
INFO: Run Behavior\BuildLiteBehavior [ RunTime:0.000042s ]
INFO: [ app_init ] --END-- [ RunTime:0.000854s ]

[ 2019-05-09T23:25:35+08:00 ] ::1 /index.php/Home/Servicemenu/videos1
INFO: [ app_init ] --START--
INFO: Run Behavior\BuildLiteBehavior [ RunTime:0.000021s ]
INFO: [ app_init ] --END-- [ RunTime:0.000518s ]

[ 2019-05-09T23:25:46+08:00 ] ::1 /index.php/Home/Servicemenu/videos1
INFO: [ app_init ] --START--
INFO: Run Behavior\BuildLiteBehavior [ RunTime:0.000034s ]
INFO: [ app_init ] --END-- [ RunTime:0.000587s ]

[ 2019-05-09T23:25:50+08:00 ] 192.168.2.106 /index.php/Home/Servicemenu/videos1
INFO: [ app_init ] --START--
INFO: Run Behavior\BuildLiteBehavior [ RunTime:0.000014s ]
INFO: [ app_init ] --END-- [ RunTime:0.000411s ]

[ 2019-05-09T23:27:40+08:00 ] ::1 /index.php/Home/Servicemenu/videos1
INFO: [ app_init ] --START--
INFO: Run Behavior\BuildLiteBehavior [ RunTime:0.000026s ]
INFO: [ app_init ] --END-- [ RunTime:0.000877s ]

[ 2019-05-09T23:27:59+08:00 ] ::1 /index.php/Home/Servicemenu/videos1
INFO: [ app_init ] --START--
INFO: Run Behavior\BuildLiteBehavior [ RunTime:0.000015s ]
INFO: [ app_init ] --END-- [ RunTime:0.000425s ]

[ 2019-05-09T23:28:04+08:00 ] 192.168.2.106 /index.php/Home/Servicemenu/videos1
INFO: [ app_init ] --START--
INFO: Run Behavior\BuildLiteBehavior [ RunTime:0.000012s ]
INFO: [ app_init ] --END-- [ RunTime:0.000337s ]

[ 2019-05-09T23:29:28+08:00 ] ::1 /index.php/Home/Servicemenu/videos1
INFO: [ app_init ] --START--
INFO: Run Behavior\BuildLiteBehavior [ RunTime:0.000028s ]
INFO: [ app_init ] --END-- [ RunTime:0.000736s ]

[ 2019-05-09T23:29:28+08:00 ] ::1 /index.php/Home/Servicemenu/videos1
INFO: [ app_init ] --START--
INFO: Run Behavior\BuildLiteBehavior [ RunTime:0.000015s ]
INFO: [ app_init ] --END-- [ RunTime:0.000398s ]

[ 2019-05-09T23:29:50+08:00 ] 192.168.2.106 /index.php/Home/Servicemenu/videos1
INFO: [ app_init ] --START--
INFO: Run Behavior\BuildLiteBehavior [ RunTime:0.000012s ]
INFO: [ app_init ] --END-- [ RunTime:0.000371s ]

[ 2019-05-09T23:30:20+08:00 ] ::1 /index.php/Home/Servicemenu/videos1
INFO: [ app_init ] --START--
INFO: Run Behavior\BuildLiteBehavior [ RunTime:0.000024s ]
INFO: [ app_init ] --END-- [ RunTime:0.000759s ]

[ 2019-05-09T23:31:43+08:00 ] ::1 /index.php/Home/Servicemenu/videos
INFO: [ app_init ] --START--
INFO: Run Behavior\BuildLiteBehavior [ RunTime:0.000028s ]
INFO: [ app_init ] --END-- [ RunTime:0.000793s ]

[ 2019-05-09T23:31:48+08:00 ] ::1 /index.php/Home/Servicemenu/videos
INFO: [ app_init ] --START--
INFO: Run Behavior\BuildLiteBehavior [ RunTime:0.000049s ]
INFO: [ app_init ] --END-- [ RunTime:0.001169s ]

