[ 2019-05-21T20:31:40+08:00 ] ::1 /index.php/Home/Servicemenu/videos
INFO: [ app_init ] --START--
INFO: Run Behavior\BuildLiteBehavior [ RunTime:0.001185s ]
INFO: [ app_init ] --END-- [ RunTime:0.004261s ]

[ 2019-05-21T20:36:50+08:00 ] ::1 /index.php/Home/Servicemenu/home
INFO: [ app_init ] --START--
INFO: Run Behavior\BuildLiteBehavior [ RunTime:0.000026s ]
INFO: [ app_init ] --END-- [ RunTime:0.000500s ]

[ 2019-05-21T20:45:50+08:00 ] ::1 /index.php/Home/Servicemenu/home
INFO: [ app_init ] --START--
INFO: Run Behavior\BuildLiteBehavior [ RunTime:0.000027s ]
INFO: [ app_init ] --END-- [ RunTime:0.000479s ]

[ 2019-05-21T20:46:11+08:00 ] ::1 /index.php/Home/Servicemenu/home
INFO: [ app_init ] --START--
INFO: Run Behavior\BuildLiteBehavior [ RunTime:0.000013s ]
INFO: [ app_init ] --END-- [ RunTime:0.000345s ]

[ 2019-05-21T21:15:26+08:00 ] 192.168.2.106 /index.php/Home/Servicemenu/home
INFO: [ app_init ] --START--
INFO: Run Behavior\BuildLiteBehavior [ RunTime:0.000030s ]
INFO: [ app_init ] --END-- [ RunTime:0.000569s ]

[ 2019-05-21T21:40:30+08:00 ] 192.168.2.106 /index.php/Home/Servicemenu/home
INFO: [ app_init ] --START--
INFO: Run Behavior\BuildLiteBehavior [ RunTime:0.000024s ]
INFO: [ app_init ] --END-- [ RunTime:0.000442s ]

[ 2019-05-21T21:58:25+08:00 ] 192.168.2.106 /index.php/Home/Servicemenu/home
INFO: [ app_init ] --START--
INFO: Run Behavior\BuildLiteBehavior [ RunTime:0.000029s ]
INFO: [ app_init ] --END-- [ RunTime:0.000516s ]

[ 2019-05-21T21:58:26+08:00 ] 192.168.2.106 /index.php/Home/Servicemenu/home
INFO: [ app_init ] --START--
INFO: Run Behavior\BuildLiteBehavior [ RunTime:0.000015s ]
INFO: [ app_init ] --END-- [ RunTime:0.000476s ]

[ 2019-05-21T22:00:02+08:00 ] 192.168.2.106 /index.php/Home/Servicemenu/home
INFO: [ app_init ] --START--
INFO: Run Behavior\BuildLiteBehavior [ RunTime:0.000029s ]
INFO: [ app_init ] --END-- [ RunTime:0.000541s ]

[ 2019-05-21T22:00:03+08:00 ] 192.168.2.106 /index.php/Home/Servicemenu/home
INFO: [ app_init ] --START--
INFO: Run Behavior\BuildLiteBehavior [ RunTime:0.000011s ]
INFO: [ app_init ] --END-- [ RunTime:0.000322s ]

[ 2019-05-21T22:00:04+08:00 ] 192.168.2.106 /index.php/Home/Servicemenu/home
INFO: [ app_init ] --START--
INFO: Run Behavior\BuildLiteBehavior [ RunTime:0.000012s ]
INFO: [ app_init ] --END-- [ RunTime:0.000349s ]

