[ 2019-04-28T22:01:37+08:00 ] ::1 /index.php/Home/Servicemenu/videos
NOTIC: [2] mkdir(): File exists /Users/rachel/工作/私活/西门子/codes/2019年4月/siemensgit/ThinkPHP/Library/Think/Build.class.php 第 110 行.
INFO: [ app_init ] --START--
INFO: Run Behavior\BuildLiteBehavior [ RunTime:0.000040s ]
INFO: [ app_init ] --END-- [ RunTime:0.000180s ]

[ 2019-04-28T22:16:24+08:00 ] ::1 /index.php/Home/Servicemenu/videos
INFO: [ app_init ] --START--
INFO: Run Behavior\BuildLiteBehavior [ RunTime:0.000031s ]
INFO: [ app_init ] --END-- [ RunTime:0.000503s ]

[ 2019-04-28T22:37:08+08:00 ] ::1 /index.php/Home/Servicemenu/videos
INFO: [ app_init ] --START--
INFO: Run Behavior\BuildLiteBehavior [ RunTime:0.000033s ]
INFO: [ app_init ] --END-- [ RunTime:0.000714s ]

[ 2019-04-28T22:37:59+08:00 ] ::1 /index.php/Home/Servicemenu/videos
INFO: [ app_init ] --START--
INFO: Run Behavior\BuildLiteBehavior [ RunTime:0.000016s ]
INFO: [ app_init ] --END-- [ RunTime:0.000442s ]

[ 2019-04-28T22:38:39+08:00 ] ::1 /index.php/Home/Servicemenu/videos
INFO: [ app_init ] --START--
INFO: Run Behavior\BuildLiteBehavior [ RunTime:0.000028s ]
INFO: [ app_init ] --END-- [ RunTime:0.000506s ]

[ 2019-04-28T22:41:22+08:00 ] ::1 /index.php/Home/Servicemenu/videos
INFO: [ app_init ] --START--
INFO: Run Behavior\BuildLiteBehavior [ RunTime:0.000027s ]
INFO: [ app_init ] --END-- [ RunTime:0.000481s ]

[ 2019-04-28T22:47:43+08:00 ] ::1 /index.php/Home/Servicemenu/videos
INFO: [ app_init ] --START--
INFO: Run Behavior\BuildLiteBehavior [ RunTime:0.000016s ]
INFO: [ app_init ] --END-- [ RunTime:0.000413s ]

[ 2019-04-28T22:56:44+08:00 ] ::1 /index.php/Home/Servicemenu/videos
INFO: [ app_init ] --START--
INFO: Run Behavior\BuildLiteBehavior [ RunTime:0.000028s ]
INFO: [ app_init ] --END-- [ RunTime:0.000479s ]

[ 2019-04-28T23:01:10+08:00 ] ::1 /index.php/Home/Servicemenu/videos
INFO: [ app_init ] --START--
INFO: Run Behavior\BuildLiteBehavior [ RunTime:0.000012s ]
INFO: [ app_init ] --END-- [ RunTime:0.000339s ]

[ 2019-04-28T23:04:02+08:00 ] 192.168.2.104 /index.php/Home/ServiceMenu/questions
INFO: [ app_init ] --START--
INFO: Run Behavior\BuildLiteBehavior [ RunTime:0.000049s ]
INFO: [ app_init ] --END-- [ RunTime:0.000792s ]

[ 2019-04-28T23:04:03+08:00 ] 192.168.2.104 /index.php/Home/servicemenu/problem
INFO: [ app_init ] --START--
INFO: Run Behavior\BuildLiteBehavior [ RunTime:0.000023s ]
INFO: [ app_init ] --END-- [ RunTime:0.000690s ]

[ 2019-04-28T23:05:24+08:00 ] 192.168.2.102 /index.php/Home/Servicemenu/videos
INFO: [ app_init ] --START--
INFO: Run Behavior\BuildLiteBehavior [ RunTime:0.000028s ]
INFO: [ app_init ] --END-- [ RunTime:0.000439s ]

[ 2019-04-28T23:08:10+08:00 ] ::1 /index.php/Home/Servicemenu/videos
INFO: [ app_init ] --START--
INFO: Run Behavior\BuildLiteBehavior [ RunTime:0.000014s ]
INFO: [ app_init ] --END-- [ RunTime:0.000395s ]

[ 2019-04-28T23:10:09+08:00 ] ::1 /index.php/Home/Servicemenu/videos
INFO: [ app_init ] --START--
INFO: Run Behavior\BuildLiteBehavior [ RunTime:0.000025s ]
INFO: [ app_init ] --END-- [ RunTime:0.001007s ]

[ 2019-04-28T23:12:35+08:00 ] ::1 /index.php/Home/Servicemenu/videos
INFO: [ app_init ] --START--
INFO: Run Behavior\BuildLiteBehavior [ RunTime:0.000015s ]
INFO: [ app_init ] --END-- [ RunTime:0.000390s ]

[ 2019-04-28T23:12:42+08:00 ] ::1 /index.php/Home/images/003.png
INFO: [ app_init ] --START--
INFO: Run Behavior\BuildLiteBehavior [ RunTime:0.000024s ]
INFO: [ app_init ] --END-- [ RunTime:0.000810s ]

[ 2019-04-28T23:19:23+08:00 ] ::1 /index.php/Home/Servicemenu/videos
INFO: [ app_init ] --START--
INFO: Run Behavior\BuildLiteBehavior [ RunTime:0.000012s ]
INFO: [ app_init ] --END-- [ RunTime:0.000339s ]

[ 2019-04-28T23:19:26+08:00 ] ::1 /index.php/Home/images/003.png
INFO: [ app_init ] --START--
INFO: Run Behavior\BuildLiteBehavior [ RunTime:0.000026s ]
INFO: [ app_init ] --END-- [ RunTime:0.001320s ]

[ 2019-04-28T23:20:20+08:00 ] ::1 /index.php/Home/Servicemenu/videos
INFO: [ app_init ] --START--
INFO: Run Behavior\BuildLiteBehavior [ RunTime:0.000015s ]
INFO: [ app_init ] --END-- [ RunTime:0.000585s ]

[ 2019-04-28T23:24:13+08:00 ] ::1 /index.php/Home/Servicemenu/videos
INFO: [ app_init ] --START--
INFO: Run Behavior\BuildLiteBehavior [ RunTime:0.000012s ]
INFO: [ app_init ] --END-- [ RunTime:0.000327s ]

[ 2019-04-28T23:37:25+08:00 ] ::1 /index.php/Home/Servicemenu/videos
INFO: [ app_init ] --START--
INFO: Run Behavior\BuildLiteBehavior [ RunTime:0.000014s ]
INFO: [ app_init ] --END-- [ RunTime:0.000389s ]

[ 2019-04-28T23:37:49+08:00 ] ::1 /index.php/Home/Servicemenu/videos
INFO: [ app_init ] --START--
INFO: Run Behavior\BuildLiteBehavior [ RunTime:0.000012s ]
INFO: [ app_init ] --END-- [ RunTime:0.000335s ]

[ 2019-04-28T23:38:24+08:00 ] ::1 /index.php/Home/Servicemenu/videos
INFO: [ app_init ] --START--
INFO: Run Behavior\BuildLiteBehavior [ RunTime:0.000014s ]
INFO: [ app_init ] --END-- [ RunTime:0.000337s ]

[ 2019-04-28T23:40:00+08:00 ] ::1 /index.php/Home/Servicemenu/videos
INFO: [ app_init ] --START--
INFO: Run Behavior\BuildLiteBehavior [ RunTime:0.000012s ]
INFO: [ app_init ] --END-- [ RunTime:0.000329s ]

[ 2019-04-28T23:40:02+08:00 ] ::1 /index.php/Home/Servicemenu/videos
INFO: [ app_init ] --START--
INFO: Run Behavior\BuildLiteBehavior [ RunTime:0.000013s ]
INFO: [ app_init ] --END-- [ RunTime:0.000354s ]

[ 2019-04-28T23:40:02+08:00 ] ::1 /index.php/Home/Servicemenu/videos
INFO: [ app_init ] --START--
INFO: Run Behavior\BuildLiteBehavior [ RunTime:0.000023s ]
INFO: [ app_init ] --END-- [ RunTime:0.000667s ]

[ 2019-04-28T23:40:12+08:00 ] ::1 /index.php/Home/Servicemenu/videos
INFO: [ app_init ] --START--
INFO: Run Behavior\BuildLiteBehavior [ RunTime:0.000022s ]
INFO: [ app_init ] --END-- [ RunTime:0.000571s ]

[ 2019-04-28T23:51:08+08:00 ] ::1 /index.php/Home/Servicemenu/videos
INFO: [ app_init ] --START--
INFO: Run Behavior\BuildLiteBehavior [ RunTime:0.000020s ]
INFO: [ app_init ] --END-- [ RunTime:0.001224s ]

[ 2019-04-28T23:55:17+08:00 ] ::1 /index.php/Home/Servicemenu/videos
INFO: [ app_init ] --START--
INFO: Run Behavior\BuildLiteBehavior [ RunTime:0.000015s ]
INFO: [ app_init ] --END-- [ RunTime:0.000626s ]

[ 2019-04-28T23:59:41+08:00 ] ::1 /index.php/Home/Servicemenu/videos
INFO: [ app_init ] --START--
INFO: Run Behavior\BuildLiteBehavior [ RunTime:0.000024s ]
INFO: [ app_init ] --END-- [ RunTime:0.001629s ]

[ 2019-04-28T23:59:42+08:00 ] ::1 /index.php/Home/Servicemenu/videos
INFO: [ app_init ] --START--
INFO: Run Behavior\BuildLiteBehavior [ RunTime:0.000025s ]
INFO: [ app_init ] --END-- [ RunTime:0.000817s ]

