[ 2019-05-03T00:00:38+08:00 ] ::1 /index.php/Home/ServiceMenu/videos
INFO: [ app_init ] --START--
INFO: Run Behavior\BuildLiteBehavior [ RunTime:0.000014s ]
INFO: [ app_init ] --END-- [ RunTime:0.000452s ]

[ 2019-05-03T00:03:21+08:00 ] ::1 /index.php/Home/ServiceMenu/videos
INFO: [ app_init ] --START--
INFO: Run Behavior\BuildLiteBehavior [ RunTime:0.000013s ]
INFO: [ app_init ] --END-- [ RunTime:0.000346s ]

[ 2019-05-03T00:03:34+08:00 ] ::1 /index.php/Home/ServiceMenu/videos
INFO: [ app_init ] --START--
INFO: Run Behavior\BuildLiteBehavior [ RunTime:0.000092s ]
INFO: [ app_init ] --END-- [ RunTime:0.000976s ]

[ 2019-05-03T00:03:54+08:00 ] ::1 /index.php/Home/ServiceMenu/videos
INFO: [ app_init ] --START--
INFO: Run Behavior\BuildLiteBehavior [ RunTime:0.000022s ]
INFO: [ app_init ] --END-- [ RunTime:0.001875s ]

[ 2019-05-03T00:04:21+08:00 ] 192.168.2.105 /index.php/Home/ServiceMenu/videos
INFO: [ app_init ] --START--
INFO: Run Behavior\BuildLiteBehavior [ RunTime:0.000015s ]
INFO: [ app_init ] --END-- [ RunTime:0.000497s ]

[ 2019-05-03T00:04:46+08:00 ] 192.168.2.105 /index.php/Home/ServiceMenu/home
INFO: [ app_init ] --START--
INFO: Run Behavior\BuildLiteBehavior [ RunTime:0.000012s ]
INFO: [ app_init ] --END-- [ RunTime:0.000347s ]

[ 2019-05-03T00:04:53+08:00 ] 192.168.2.105 /index.php/Home/ServiceMenu/home
INFO: [ app_init ] --START--
INFO: Run Behavior\BuildLiteBehavior [ RunTime:0.000012s ]
INFO: [ app_init ] --END-- [ RunTime:0.000329s ]

[ 2019-05-03T00:04:56+08:00 ] 192.168.2.105 /index.php/Home/ServiceMenu/advices
INFO: [ app_init ] --START--
INFO: Run Behavior\BuildLiteBehavior [ RunTime:0.000013s ]
INFO: [ app_init ] --END-- [ RunTime:0.000380s ]

[ 2019-05-03T00:05:26+08:00 ] 192.168.2.105 /index.php/Home/ServiceMenu/advices
INFO: [ app_init ] --START--
INFO: Run Behavior\BuildLiteBehavior [ RunTime:0.000020s ]
INFO: [ app_init ] --END-- [ RunTime:0.000590s ]

[ 2019-05-03T00:05:28+08:00 ] 192.168.2.105 /index.php/Home/ServiceMenu/advices
INFO: [ app_init ] --START--
INFO: Run Behavior\BuildLiteBehavior [ RunTime:0.000016s ]
INFO: [ app_init ] --END-- [ RunTime:0.000597s ]

[ 2019-05-03T00:05:39+08:00 ] 192.168.2.105 /index.php/Home/ServiceMenu/questions
INFO: [ app_init ] --START--
INFO: Run Behavior\BuildLiteBehavior [ RunTime:0.000016s ]
INFO: [ app_init ] --END-- [ RunTime:0.000453s ]

[ 2019-05-03T00:05:40+08:00 ] 192.168.2.105 /index.php/Home/ServiceMenu/problem
INFO: [ app_init ] --START--
INFO: Run Behavior\BuildLiteBehavior [ RunTime:0.000015s ]
INFO: [ app_init ] --END-- [ RunTime:0.000444s ]

[ 2019-05-03T00:05:42+08:00 ] 192.168.2.105 /index.php/Home/ServiceMenu/statis
INFO: [ app_init ] --START--
INFO: Run Behavior\BuildLiteBehavior [ RunTime:0.000014s ]
INFO: [ app_init ] --END-- [ RunTime:0.000376s ]

[ 2019-05-03T00:05:45+08:00 ] 192.168.2.105 /index.php/Home/ServiceMenu/statis
INFO: [ app_init ] --START--
INFO: Run Behavior\BuildLiteBehavior [ RunTime:0.000014s ]
INFO: [ app_init ] --END-- [ RunTime:0.000362s ]

[ 2019-05-03T00:05:46+08:00 ] 192.168.2.105 /index.php/Home/ServiceMenu/statis
INFO: [ app_init ] --START--
INFO: Run Behavior\BuildLiteBehavior [ RunTime:0.000015s ]
INFO: [ app_init ] --END-- [ RunTime:0.000495s ]

[ 2019-05-03T00:05:49+08:00 ] 192.168.2.105 /index.php/Home/ServiceMenu/statis
INFO: [ app_init ] --START--
INFO: Run Behavior\BuildLiteBehavior [ RunTime:0.000014s ]
INFO: [ app_init ] --END-- [ RunTime:0.000380s ]

[ 2019-05-03T00:05:51+08:00 ] 192.168.2.105 /index.php/Home/ServiceMenu/problem
INFO: [ app_init ] --START--
INFO: Run Behavior\BuildLiteBehavior [ RunTime:0.000014s ]
INFO: [ app_init ] --END-- [ RunTime:0.000425s ]

[ 2019-05-03T00:05:53+08:00 ] 192.168.2.105 /index.php/Home/ServiceMenu/statis
INFO: [ app_init ] --START--
INFO: Run Behavior\BuildLiteBehavior [ RunTime:0.000016s ]
INFO: [ app_init ] --END-- [ RunTime:0.000474s ]

[ 2019-05-03T00:05:55+08:00 ] 192.168.2.105 /index.php/Home/ServiceMenu/statis
INFO: [ app_init ] --START--
INFO: Run Behavior\BuildLiteBehavior [ RunTime:0.000016s ]
INFO: [ app_init ] --END-- [ RunTime:0.000611s ]

[ 2019-05-03T00:05:58+08:00 ] 192.168.2.105 /index.php/Home/ServiceMenu/statis
INFO: [ app_init ] --START--
INFO: Run Behavior\BuildLiteBehavior [ RunTime:0.000016s ]
INFO: [ app_init ] --END-- [ RunTime:0.000505s ]

[ 2019-05-03T00:06:01+08:00 ] 192.168.2.105 /index.php/Home/ServiceMenu/problem
INFO: [ app_init ] --START--
INFO: Run Behavior\BuildLiteBehavior [ RunTime:0.000016s ]
INFO: [ app_init ] --END-- [ RunTime:0.000469s ]

[ 2019-05-03T00:06:44+08:00 ] 192.168.2.105 /index.php/Home/ServiceMenu/joinus
INFO: [ app_init ] --START--
INFO: Run Behavior\BuildLiteBehavior [ RunTime:0.000012s ]
INFO: [ app_init ] --END-- [ RunTime:0.000334s ]

[ 2019-05-03T00:07:10+08:00 ] 192.168.2.105 /index.php/Home/ServiceMenu/addJoin
INFO: [ app_init ] --START--
INFO: Run Behavior\BuildLiteBehavior [ RunTime:0.000012s ]
INFO: [ app_init ] --END-- [ RunTime:0.000359s ]

[ 2019-05-03T00:07:11+08:00 ] 192.168.2.105 /index.php/Home/ServiceMenu/joinus
INFO: [ app_init ] --START--
INFO: Run Behavior\BuildLiteBehavior [ RunTime:0.000014s ]
INFO: [ app_init ] --END-- [ RunTime:0.000385s ]

[ 2019-05-03T00:07:22+08:00 ] 192.168.2.100 /index.php/Home/ServiceMenu/joinus
INFO: [ app_init ] --START--
INFO: Run Behavior\BuildLiteBehavior [ RunTime:0.000026s ]
INFO: [ app_init ] --END-- [ RunTime:0.000732s ]

[ 2019-05-03T00:07:30+08:00 ] 192.168.2.100 /index.php/Home/ServiceMenu/advices
INFO: [ app_init ] --START--
INFO: Run Behavior\BuildLiteBehavior [ RunTime:0.000013s ]
INFO: [ app_init ] --END-- [ RunTime:0.000336s ]

[ 2019-05-03T21:23:24+08:00 ] 192.168.2.105 /index.php/Home/ServiceMenu/joinus
INFO: [ app_init ] --START--
INFO: Run Behavior\BuildLiteBehavior [ RunTime:0.000027s ]
INFO: [ app_init ] --END-- [ RunTime:0.000517s ]

[ 2019-05-03T21:24:10+08:00 ] 192.168.2.105 /index.php/Home/ServiceMenu/videos
INFO: [ app_init ] --START--
INFO: Run Behavior\BuildLiteBehavior [ RunTime:0.000028s ]
INFO: [ app_init ] --END-- [ RunTime:0.000517s ]

[ 2019-05-03T21:25:05+08:00 ] ::1 /index.php/Home/Brandstory/videos
INFO: [ app_init ] --START--
INFO: Run Behavior\BuildLiteBehavior [ RunTime:0.000041s ]
INFO: [ app_init ] --END-- [ RunTime:0.000754s ]

[ 2019-05-03T21:25:21+08:00 ] ::1 /index.php/Home/Servicemenu/videos
INFO: [ app_init ] --START--
INFO: Run Behavior\BuildLiteBehavior [ RunTime:0.000056s ]
INFO: [ app_init ] --END-- [ RunTime:0.001156s ]

[ 2019-05-03T21:27:55+08:00 ] ::1 /index.php/Home/Servicemenu/videos
INFO: [ app_init ] --START--
INFO: Run Behavior\BuildLiteBehavior [ RunTime:0.000028s ]
INFO: [ app_init ] --END-- [ RunTime:0.001107s ]

[ 2019-05-03T21:30:01+08:00 ] ::1 /index.php/Home/Servicemenu/videos
INFO: [ app_init ] --START--
INFO: Run Behavior\BuildLiteBehavior [ RunTime:0.000042s ]
INFO: [ app_init ] --END-- [ RunTime:0.000781s ]

[ 2019-05-03T21:32:23+08:00 ] ::1 /index.php/Home/Servicemenu/videos
INFO: [ app_init ] --START--
INFO: Run Behavior\BuildLiteBehavior [ RunTime:0.000046s ]
INFO: [ app_init ] --END-- [ RunTime:0.000797s ]

[ 2019-05-03T21:39:01+08:00 ] ::1 /index.php/Home/Servicemenu/videos
INFO: [ app_init ] --START--
INFO: Run Behavior\BuildLiteBehavior [ RunTime:0.000026s ]
INFO: [ app_init ] --END-- [ RunTime:0.000470s ]

[ 2019-05-03T21:42:51+08:00 ] ::1 /index.php/Home/Servicemenu/videos
INFO: [ app_init ] --START--
INFO: Run Behavior\BuildLiteBehavior [ RunTime:0.000039s ]
INFO: [ app_init ] --END-- [ RunTime:0.000717s ]

[ 2019-05-03T21:43:18+08:00 ] ::1 /index.php/Home/Servicemenu/videos
INFO: [ app_init ] --START--
INFO: Run Behavior\BuildLiteBehavior [ RunTime:0.000030s ]
INFO: [ app_init ] --END-- [ RunTime:0.000481s ]

[ 2019-05-03T21:44:30+08:00 ] ::1 /index.php/Home/Servicemenu/videos
INFO: [ app_init ] --START--
INFO: Run Behavior\BuildLiteBehavior [ RunTime:0.000015s ]
INFO: [ app_init ] --END-- [ RunTime:0.000505s ]

[ 2019-05-03T21:44:51+08:00 ] ::1 /index.php/Home/Servicemenu/videos
INFO: [ app_init ] --START--
INFO: Run Behavior\BuildLiteBehavior [ RunTime:0.000011s ]
INFO: [ app_init ] --END-- [ RunTime:0.000330s ]

[ 2019-05-03T21:45:28+08:00 ] ::1 /index.php/Home/Servicemenu/videos
INFO: [ app_init ] --START--
INFO: Run Behavior\BuildLiteBehavior [ RunTime:0.000020s ]
INFO: [ app_init ] --END-- [ RunTime:0.000589s ]

[ 2019-05-03T21:47:05+08:00 ] ::1 /index.php/Home/Servicemenu/videos
INFO: [ app_init ] --START--
INFO: Run Behavior\BuildLiteBehavior [ RunTime:0.000022s ]
INFO: [ app_init ] --END-- [ RunTime:0.000653s ]

[ 2019-05-03T21:47:32+08:00 ] ::1 /index.php/Home/Servicemenu/videos
INFO: [ app_init ] --START--
INFO: Run Behavior\BuildLiteBehavior [ RunTime:0.000014s ]
INFO: [ app_init ] --END-- [ RunTime:0.000457s ]

[ 2019-05-03T21:47:46+08:00 ] ::1 /index.php/Home/Servicemenu/videos
INFO: [ app_init ] --START--
INFO: Run Behavior\BuildLiteBehavior [ RunTime:0.000021s ]
INFO: [ app_init ] --END-- [ RunTime:0.000581s ]

[ 2019-05-03T21:48:15+08:00 ] ::1 /index.php/Home/Servicemenu/videos
INFO: [ app_init ] --START--
INFO: Run Behavior\BuildLiteBehavior [ RunTime:0.000012s ]
INFO: [ app_init ] --END-- [ RunTime:0.000331s ]

[ 2019-05-03T21:48:55+08:00 ] ::1 /index.php/Home/Servicemenu/videos
INFO: [ app_init ] --START--
INFO: Run Behavior\BuildLiteBehavior [ RunTime:0.000012s ]
INFO: [ app_init ] --END-- [ RunTime:0.000328s ]

[ 2019-05-03T21:49:19+08:00 ] ::1 /index.php/Home/Servicemenu/videos
INFO: [ app_init ] --START--
INFO: Run Behavior\BuildLiteBehavior [ RunTime:0.000018s ]
INFO: [ app_init ] --END-- [ RunTime:0.000628s ]

[ 2019-05-03T21:50:48+08:00 ] ::1 /index.php/Home/Servicemenu/videos
INFO: [ app_init ] --START--
INFO: Run Behavior\BuildLiteBehavior [ RunTime:0.000021s ]
INFO: [ app_init ] --END-- [ RunTime:0.000607s ]

[ 2019-05-03T21:51:11+08:00 ] ::1 /index.php/Home/Servicemenu/videos
INFO: [ app_init ] --START--
INFO: Run Behavior\BuildLiteBehavior [ RunTime:0.000022s ]
INFO: [ app_init ] --END-- [ RunTime:0.000649s ]

[ 2019-05-03T21:51:20+08:00 ] ::1 /index.php/Home/Servicemenu/videos
INFO: [ app_init ] --START--
INFO: Run Behavior\BuildLiteBehavior [ RunTime:0.000014s ]
INFO: [ app_init ] --END-- [ RunTime:0.000418s ]

[ 2019-05-03T21:53:13+08:00 ] ::1 /index.php/Home/Servicemenu/videos
INFO: [ app_init ] --START--
INFO: Run Behavior\BuildLiteBehavior [ RunTime:0.000039s ]
INFO: [ app_init ] --END-- [ RunTime:0.000865s ]

[ 2019-05-03T21:58:16+08:00 ] ::1 /index.php/Home/Servicemenu/videos
INFO: [ app_init ] --START--
INFO: Run Behavior\BuildLiteBehavior [ RunTime:0.000023s ]
INFO: [ app_init ] --END-- [ RunTime:0.000734s ]

[ 2019-05-03T21:58:43+08:00 ] ::1 /index.php/Home/Servicemenu/videos
INFO: [ app_init ] --START--
INFO: Run Behavior\BuildLiteBehavior [ RunTime:0.000020s ]
INFO: [ app_init ] --END-- [ RunTime:0.000606s ]

[ 2019-05-03T21:58:57+08:00 ] ::1 /index.php/Home/Servicemenu/videos
INFO: [ app_init ] --START--
INFO: Run Behavior\BuildLiteBehavior [ RunTime:0.000024s ]
INFO: [ app_init ] --END-- [ RunTime:0.001029s ]

[ 2019-05-03T21:59:06+08:00 ] ::1 /index.php/Home/Servicemenu/videos
INFO: [ app_init ] --START--
INFO: Run Behavior\BuildLiteBehavior [ RunTime:0.000015s ]
INFO: [ app_init ] --END-- [ RunTime:0.000510s ]

[ 2019-05-03T22:00:26+08:00 ] ::1 /index.php/Home/Servicemenu/videos
INFO: [ app_init ] --START--
INFO: Run Behavior\BuildLiteBehavior [ RunTime:0.000024s ]
INFO: [ app_init ] --END-- [ RunTime:0.000869s ]

[ 2019-05-03T22:00:49+08:00 ] ::1 /index.php/Home/Servicemenu/videos
INFO: [ app_init ] --START--
INFO: Run Behavior\BuildLiteBehavior [ RunTime:0.000027s ]
INFO: [ app_init ] --END-- [ RunTime:0.000518s ]

[ 2019-05-03T22:01:04+08:00 ] ::1 /index.php/Home/Servicemenu/videos
INFO: [ app_init ] --START--
INFO: Run Behavior\BuildLiteBehavior [ RunTime:0.000015s ]
INFO: [ app_init ] --END-- [ RunTime:0.000425s ]

[ 2019-05-03T22:03:51+08:00 ] 192.168.2.100 /index.php/Home/ServiceMenu/videos
INFO: [ app_init ] --START--
INFO: Run Behavior\BuildLiteBehavior [ RunTime:0.000025s ]
INFO: [ app_init ] --END-- [ RunTime:0.000452s ]

[ 2019-05-03T22:04:24+08:00 ] ::1 /index.php/Home/Servicemenu/videos
INFO: [ app_init ] --START--
INFO: Run Behavior\BuildLiteBehavior [ RunTime:0.000024s ]
INFO: [ app_init ] --END-- [ RunTime:0.000771s ]

[ 2019-05-03T22:04:37+08:00 ] ::1 /index.php/Home/Servicemenu/videos
INFO: [ app_init ] --START--
INFO: Run Behavior\BuildLiteBehavior [ RunTime:0.000204s ]
INFO: [ app_init ] --END-- [ RunTime:0.000829s ]

[ 2019-05-03T22:04:46+08:00 ] 192.168.2.100 /index.php/Home/ServiceMenu/videos
INFO: [ app_init ] --START--
INFO: Run Behavior\BuildLiteBehavior [ RunTime:0.000022s ]
INFO: [ app_init ] --END-- [ RunTime:0.000545s ]

[ 2019-05-03T22:06:10+08:00 ] ::1 /index.php/Home/Servicemenu/videos
INFO: [ app_init ] --START--
INFO: Run Behavior\BuildLiteBehavior [ RunTime:0.000013s ]
INFO: [ app_init ] --END-- [ RunTime:0.000381s ]

[ 2019-05-03T22:08:29+08:00 ] 192.168.2.100 /index.php/Home/ServiceMenu/videos
INFO: [ app_init ] --START--
INFO: Run Behavior\BuildLiteBehavior [ RunTime:0.000012s ]
INFO: [ app_init ] --END-- [ RunTime:0.000327s ]

[ 2019-05-03T22:10:37+08:00 ] ::1 /index.php/Home/Servicemenu/videos
INFO: [ app_init ] --START--
INFO: Run Behavior\BuildLiteBehavior [ RunTime:0.000017s ]
INFO: [ app_init ] --END-- [ RunTime:0.000507s ]

[ 2019-05-03T22:10:41+08:00 ] 192.168.2.100 /index.php/Home/ServiceMenu/videos
INFO: [ app_init ] --START--
INFO: Run Behavior\BuildLiteBehavior [ RunTime:0.000015s ]
INFO: [ app_init ] --END-- [ RunTime:0.000396s ]

[ 2019-05-03T22:11:01+08:00 ] 192.168.2.100 /index.php/Home/ServiceMenu/videos
INFO: [ app_init ] --START--
INFO: Run Behavior\BuildLiteBehavior [ RunTime:0.000016s ]
INFO: [ app_init ] --END-- [ RunTime:0.000409s ]

[ 2019-05-03T22:11:37+08:00 ] 192.168.2.100 /index.php/Home/ServiceMenu/videos
INFO: [ app_init ] --START--
INFO: Run Behavior\BuildLiteBehavior [ RunTime:0.000013s ]
INFO: [ app_init ] --END-- [ RunTime:0.000370s ]

[ 2019-05-03T22:11:45+08:00 ] 192.168.2.100 /index.php/Home/ServiceMenu/videos
INFO: [ app_init ] --START--
INFO: Run Behavior\BuildLiteBehavior [ RunTime:0.000015s ]
INFO: [ app_init ] --END-- [ RunTime:0.000400s ]

[ 2019-05-03T22:11:58+08:00 ] ::1 /index.php/Home/Servicemenu/videos
INFO: [ app_init ] --START--
INFO: Run Behavior\BuildLiteBehavior [ RunTime:0.000022s ]
INFO: [ app_init ] --END-- [ RunTime:0.000924s ]

[ 2019-05-03T22:12:04+08:00 ] 192.168.2.100 /index.php/Home/ServiceMenu/videos
INFO: [ app_init ] --START--
INFO: Run Behavior\BuildLiteBehavior [ RunTime:0.000013s ]
INFO: [ app_init ] --END-- [ RunTime:0.000383s ]

[ 2019-05-03T22:12:08+08:00 ] ::1 /index.php/Home/Servicemenu/videos
INFO: [ app_init ] --START--
INFO: Run Behavior\BuildLiteBehavior [ RunTime:0.000023s ]
INFO: [ app_init ] --END-- [ RunTime:0.000664s ]

[ 2019-05-03T22:12:19+08:00 ] ::1 /index.php/Home/Servicemenu/videos
INFO: [ app_init ] --START--
INFO: Run Behavior\BuildLiteBehavior [ RunTime:0.000013s ]
INFO: [ app_init ] --END-- [ RunTime:0.000335s ]

[ 2019-05-03T22:12:24+08:00 ] 192.168.2.100 /index.php/Home/ServiceMenu/videos
INFO: [ app_init ] --START--
INFO: Run Behavior\BuildLiteBehavior [ RunTime:0.000024s ]
INFO: [ app_init ] --END-- [ RunTime:0.000623s ]

[ 2019-05-03T22:15:13+08:00 ] ::1 /index.php/Home/Servicemenu/videos
INFO: [ app_init ] --START--
INFO: Run Behavior\BuildLiteBehavior [ RunTime:0.000023s ]
INFO: [ app_init ] --END-- [ RunTime:0.000648s ]

[ 2019-05-03T22:15:32+08:00 ] ::1 /index.php/Home/Servicemenu/videos
INFO: [ app_init ] --START--
INFO: Run Behavior\BuildLiteBehavior [ RunTime:0.000011s ]
INFO: [ app_init ] --END-- [ RunTime:0.000328s ]

[ 2019-05-03T22:15:46+08:00 ] ::1 /index.php/Home/Servicemenu/videos
INFO: [ app_init ] --START--
INFO: Run Behavior\BuildLiteBehavior [ RunTime:0.000015s ]
INFO: [ app_init ] --END-- [ RunTime:0.000382s ]

[ 2019-05-03T22:16:08+08:00 ] ::1 /index.php/Home/Servicemenu/videos
INFO: [ app_init ] --START--
INFO: Run Behavior\BuildLiteBehavior [ RunTime:0.000015s ]
INFO: [ app_init ] --END-- [ RunTime:0.000443s ]

[ 2019-05-03T22:18:10+08:00 ] ::1 /index.php/Home/Servicemenu/videos
INFO: [ app_init ] --START--
INFO: Run Behavior\BuildLiteBehavior [ RunTime:0.000025s ]
INFO: [ app_init ] --END-- [ RunTime:0.000440s ]

[ 2019-05-03T22:18:36+08:00 ] ::1 /index.php/Home/Servicemenu/videos
INFO: [ app_init ] --START--
INFO: Run Behavior\BuildLiteBehavior [ RunTime:0.000025s ]
INFO: [ app_init ] --END-- [ RunTime:0.000657s ]

[ 2019-05-03T22:37:09+08:00 ] ::1 /index.php/Home/ServiceMenu/videos
INFO: [ app_init ] --START--
INFO: Run Behavior\BuildLiteBehavior [ RunTime:0.000022s ]
INFO: [ app_init ] --END-- [ RunTime:0.000687s ]

[ 2019-05-03T22:37:33+08:00 ] ::1 /index.php/Home/ServiceMenu/videos
INFO: [ app_init ] --START--
INFO: Run Behavior\BuildLiteBehavior [ RunTime:0.000013s ]
INFO: [ app_init ] --END-- [ RunTime:0.000380s ]

[ 2019-05-03T22:38:03+08:00 ] ::1 /index.php/Home/ServiceMenu/videos
INFO: [ app_init ] --START--
INFO: Run Behavior\BuildLiteBehavior [ RunTime:0.000027s ]
INFO: [ app_init ] --END-- [ RunTime:0.000586s ]

[ 2019-05-03T22:38:43+08:00 ] ::1 /index.php/Home/ServiceMenu/videos
INFO: [ app_init ] --START--
INFO: Run Behavior\BuildLiteBehavior [ RunTime:0.000012s ]
INFO: [ app_init ] --END-- [ RunTime:0.000330s ]

[ 2019-05-03T22:39:27+08:00 ] ::1 /index.php/Home/Servicemenu/videos
INFO: [ app_init ] --START--
INFO: Run Behavior\BuildLiteBehavior [ RunTime:0.000012s ]
INFO: [ app_init ] --END-- [ RunTime:0.000330s ]

[ 2019-05-03T22:39:36+08:00 ] ::1 /index.php/Home/Servicemenu/videos
INFO: [ app_init ] --START--
INFO: Run Behavior\BuildLiteBehavior [ RunTime:0.000013s ]
INFO: [ app_init ] --END-- [ RunTime:0.000358s ]

[ 2019-05-03T22:44:24+08:00 ] ::1 /index.php/Home/ServiceMenu/videos
INFO: [ app_init ] --START--
INFO: Run Behavior\BuildLiteBehavior [ RunTime:0.000081s ]
INFO: [ app_init ] --END-- [ RunTime:0.001160s ]

[ 2019-05-03T22:51:29+08:00 ] ::1 /index.php/Home/ServiceMenu/videos
INFO: [ app_init ] --START--
INFO: Run Behavior\BuildLiteBehavior [ RunTime:0.000017s ]
INFO: [ app_init ] --END-- [ RunTime:0.000724s ]

[ 2019-05-03T22:54:36+08:00 ] ::1 /index.php/Home/Servicemenu/videos
INFO: [ app_init ] --START--
INFO: Run Behavior\BuildLiteBehavior [ RunTime:0.000011s ]
INFO: [ app_init ] --END-- [ RunTime:0.000328s ]

[ 2019-05-03T22:54:52+08:00 ] ::1 /index.php/Home/Servicemenu/videos
INFO: [ app_init ] --START--
INFO: Run Behavior\BuildLiteBehavior [ RunTime:0.000012s ]
INFO: [ app_init ] --END-- [ RunTime:0.000325s ]

[ 2019-05-03T22:55:00+08:00 ] ::1 /index.php/Home/Servicemenu/videos
INFO: [ app_init ] --START--
INFO: Run Behavior\BuildLiteBehavior [ RunTime:0.000014s ]
INFO: [ app_init ] --END-- [ RunTime:0.000422s ]

[ 2019-05-03T22:55:51+08:00 ] ::1 /index.php/Home/Servicemenu/videos
INFO: [ app_init ] --START--
INFO: Run Behavior\BuildLiteBehavior [ RunTime:0.000016s ]
INFO: [ app_init ] --END-- [ RunTime:0.000411s ]

[ 2019-05-03T22:56:19+08:00 ] ::1 /index.php/Home/Servicemenu/videos
INFO: [ app_init ] --START--
INFO: Run Behavior\BuildLiteBehavior [ RunTime:0.000013s ]
INFO: [ app_init ] --END-- [ RunTime:0.000369s ]

[ 2019-05-03T22:56:35+08:00 ] ::1 /index.php/Home/Servicemenu/videos
INFO: [ app_init ] --START--
INFO: Run Behavior\BuildLiteBehavior [ RunTime:0.000082s ]
INFO: [ app_init ] --END-- [ RunTime:0.000620s ]

[ 2019-05-03T22:56:52+08:00 ] ::1 /index.php/Home/Servicemenu/videos
INFO: [ app_init ] --START--
INFO: Run Behavior\BuildLiteBehavior [ RunTime:0.000034s ]
INFO: [ app_init ] --END-- [ RunTime:0.000647s ]

[ 2019-05-03T22:56:58+08:00 ] ::1 /index.php/Home/Servicemenu/videos
INFO: [ app_init ] --START--
INFO: Run Behavior\BuildLiteBehavior [ RunTime:0.000012s ]
INFO: [ app_init ] --END-- [ RunTime:0.000333s ]

[ 2019-05-03T22:57:05+08:00 ] ::1 /index.php/Home/Servicemenu/videos
INFO: [ app_init ] --START--
INFO: Run Behavior\BuildLiteBehavior [ RunTime:0.000011s ]
INFO: [ app_init ] --END-- [ RunTime:0.000320s ]

[ 2019-05-03T22:57:24+08:00 ] 192.168.2.100 /index.php/Home/ServiceMenu/videos
INFO: [ app_init ] --START--
INFO: Run Behavior\BuildLiteBehavior [ RunTime:0.000026s ]
INFO: [ app_init ] --END-- [ RunTime:0.000464s ]

[ 2019-05-03T22:58:46+08:00 ] ::1 /index.php/Home/Servicemenu/videos
INFO: [ app_init ] --START--
INFO: Run Behavior\BuildLiteBehavior [ RunTime:0.000020s ]
INFO: [ app_init ] --END-- [ RunTime:0.000494s ]

[ 2019-05-03T22:59:46+08:00 ] ::1 /index.php/Home/Servicemenu/videos
INFO: [ app_init ] --START--
INFO: Run Behavior\BuildLiteBehavior [ RunTime:0.000011s ]
INFO: [ app_init ] --END-- [ RunTime:0.000327s ]

[ 2019-05-03T22:59:54+08:00 ] 192.168.2.100 /index.php/Home/ServiceMenu/videos
INFO: [ app_init ] --START--
INFO: Run Behavior\BuildLiteBehavior [ RunTime:0.000014s ]
INFO: [ app_init ] --END-- [ RunTime:0.000383s ]

[ 2019-05-03T23:00:01+08:00 ] 192.168.2.100 /index.php/Home/ServiceMenu/videos
INFO: [ app_init ] --START--
INFO: Run Behavior\BuildLiteBehavior [ RunTime:0.000015s ]
INFO: [ app_init ] --END-- [ RunTime:0.000410s ]

[ 2019-05-03T23:00:13+08:00 ] 192.168.2.100 /index.php/Home/ServiceMenu/videos
INFO: [ app_init ] --START--
INFO: Run Behavior\BuildLiteBehavior [ RunTime:0.000013s ]
INFO: [ app_init ] --END-- [ RunTime:0.000371s ]

[ 2019-05-03T23:01:45+08:00 ] ::1 /index.php/Home/Servicemenu/videos
INFO: [ app_init ] --START--
INFO: Run Behavior\BuildLiteBehavior [ RunTime:0.000015s ]
INFO: [ app_init ] --END-- [ RunTime:0.000395s ]

[ 2019-05-03T23:01:53+08:00 ] 192.168.2.100 /index.php/Home/ServiceMenu/videos
INFO: [ app_init ] --START--
INFO: Run Behavior\BuildLiteBehavior [ RunTime:0.000023s ]
INFO: [ app_init ] --END-- [ RunTime:0.000586s ]

[ 2019-05-03T23:02:42+08:00 ] ::1 /index.php/Home/Servicemenu/advices
INFO: [ app_init ] --START--
INFO: Run Behavior\BuildLiteBehavior [ RunTime:0.000025s ]
INFO: [ app_init ] --END-- [ RunTime:0.001000s ]

[ 2019-05-03T23:03:02+08:00 ] ::1 /index.php/Home/Servicemenu/joinus
INFO: [ app_init ] --START--
INFO: Run Behavior\BuildLiteBehavior [ RunTime:0.000025s ]
INFO: [ app_init ] --END-- [ RunTime:0.000515s ]

